[2025-03-23T04:01:29.367+0000] {taskinstance.py:1159} INFO - Dependencies all met for dep_context=non-requeueable deps ti=<TaskInstance: entrenar_modelo.entrenar_modelo_rf manual__2025-03-23T04:01:15.038489+00:00 [queued]>
[2025-03-23T04:01:29.379+0000] {taskinstance.py:1159} INFO - Dependencies all met for dep_context=requeueable deps ti=<TaskInstance: entrenar_modelo.entrenar_modelo_rf manual__2025-03-23T04:01:15.038489+00:00 [queued]>
[2025-03-23T04:01:29.379+0000] {taskinstance.py:1361} INFO - Starting attempt 1 of 2
[2025-03-23T04:01:29.396+0000] {taskinstance.py:1382} INFO - Executing <Task(PythonOperator): entrenar_modelo_rf> on 2025-03-23 04:01:15.038489+00:00
[2025-03-23T04:01:29.428+0000] {standard_task_runner.py:57} INFO - Started process 74 to run task
[2025-03-23T04:01:29.439+0000] {standard_task_runner.py:84} INFO - Running: ['***', 'tasks', 'run', 'entrenar_modelo', 'entrenar_modelo_rf', 'manual__2025-03-23T04:01:15.038489+00:00', '--job-id', '38', '--raw', '--subdir', 'DAGS_FOLDER/entrenar_modelo.py', '--cfg-path', '/tmp/tmpl9ntvbly']
[2025-03-23T04:01:29.446+0000] {standard_task_runner.py:85} INFO - Job 38: Subtask entrenar_modelo_rf
[2025-03-23T04:01:29.555+0000] {task_command.py:415} INFO - Running <TaskInstance: entrenar_modelo.entrenar_modelo_rf manual__2025-03-23T04:01:15.038489+00:00 [running]> on host 37b147adca64
[2025-03-23T04:01:29.699+0000] {taskinstance.py:1660} INFO - Exporting env vars: AIRFLOW_CTX_DAG_OWNER='***' AIRFLOW_CTX_DAG_ID='entrenar_modelo' AIRFLOW_CTX_TASK_ID='entrenar_modelo_rf' AIRFLOW_CTX_EXECUTION_DATE='2025-03-23T04:01:15.038489+00:00' AIRFLOW_CTX_TRY_NUMBER='1' AIRFLOW_CTX_DAG_RUN_ID='manual__2025-03-23T04:01:15.038489+00:00'
[2025-03-23T04:01:33.899+0000] {logging_mixin.py:151} WARNING - 2025/03/23 04:01:33 WARNING mlflow.utils.git_utils: Failed to import Git (the Git executable is probably not on your PATH), so Git SHA is not available. Error: Failed to initialize: Bad git executable.
The git executable must be specified in one of the following ways:
    - be included in your $PATH
    - be set via $GIT_PYTHON_GIT_EXECUTABLE
    - explicitly set via git.refresh(<full-path-to-git-executable>)

All git commands will error until this is rectified.

This initial message can be silenced or aggravated in the future by setting the
$GIT_PYTHON_REFRESH environment variable. Use one of the following values:
    - quiet|q|silence|s|silent|none|n|0: for no message or exception
    - warn|w|warning|log|l|1: for a warning message (logging level CRITICAL, displayed by default)
    - error|e|exception|raise|r|2: for a raised exception

Example:
    export GIT_PYTHON_REFRESH=quiet
[2025-03-23T04:01:52.496+0000] {logging_mixin.py:151} WARNING - 2025/03/23 04:01:52 WARNING mlflow.models.model: Model logged without a signature and input example. Please set `input_example` parameter when logging the model to auto infer the model signature.
[2025-03-23T04:01:53.873+0000] {credentials.py:1123} INFO - Found credentials in environment variables.
[2025-03-23T04:01:58.328+0000] {logging_mixin.py:151} INFO - 🏃 View run kindly-hen-730 at: http://mlflow:5000/#/experiments/1/runs/f7405a61ac5a4b3b9a7f777b628f7778
[2025-03-23T04:01:58.329+0000] {logging_mixin.py:151} INFO - 🧪 View experiment at: http://mlflow:5000/#/experiments/1
[2025-03-23T04:01:58.357+0000] {logging_mixin.py:151} INFO - Entrenamiento finalizado con accuracy: 1.0
[2025-03-23T04:01:58.378+0000] {python.py:194} INFO - Done. Returned value was: None
[2025-03-23T04:01:58.401+0000] {taskinstance.py:1400} INFO - Marking task as SUCCESS. dag_id=entrenar_modelo, task_id=entrenar_modelo_rf, execution_date=20250323T040115, start_date=20250323T040129, end_date=20250323T040158
[2025-03-23T04:01:58.514+0000] {local_task_job_runner.py:228} INFO - Task exited with return code 0
[2025-03-23T04:01:58.553+0000] {taskinstance.py:2784} INFO - 0 downstream tasks scheduled from follow-on schedule check
