[2025-03-23T01:02:24.098+0000] {taskinstance.py:1159} INFO - Dependencies all met for dep_context=non-requeueable deps ti=<TaskInstance: recolectar_datos_api.extraer_datos scheduled__2025-03-23T00:00:00+00:00 [queued]>
[2025-03-23T01:02:24.110+0000] {taskinstance.py:1159} INFO - Dependencies all met for dep_context=requeueable deps ti=<TaskInstance: recolectar_datos_api.extraer_datos scheduled__2025-03-23T00:00:00+00:00 [queued]>
[2025-03-23T01:02:24.110+0000] {taskinstance.py:1361} INFO - Starting attempt 1 of 2
[2025-03-23T01:02:24.125+0000] {taskinstance.py:1382} INFO - Executing <Task(PythonOperator): extraer_datos> on 2025-03-23 00:00:00+00:00
[2025-03-23T01:02:24.146+0000] {standard_task_runner.py:57} INFO - Started process 49 to run task
[2025-03-23T01:02:24.158+0000] {standard_task_runner.py:84} INFO - Running: ['***', 'tasks', 'run', 'recolectar_datos_api', 'extraer_datos', 'scheduled__2025-03-23T00:00:00+00:00', '--job-id', '4', '--raw', '--subdir', 'DAGS_FOLDER/recolectar_datos.py', '--cfg-path', '/tmp/tmpuf2rvfta']
[2025-03-23T01:02:24.162+0000] {standard_task_runner.py:85} INFO - Job 4: Subtask extraer_datos
[2025-03-23T01:02:24.302+0000] {task_command.py:415} INFO - Running <TaskInstance: recolectar_datos_api.extraer_datos scheduled__2025-03-23T00:00:00+00:00 [running]> on host 936a1b72c2fb
[2025-03-23T01:02:24.490+0000] {taskinstance.py:1660} INFO - Exporting env vars: AIRFLOW_CTX_DAG_OWNER='***' AIRFLOW_CTX_DAG_ID='recolectar_datos_api' AIRFLOW_CTX_TASK_ID='extraer_datos' AIRFLOW_CTX_EXECUTION_DATE='2025-03-23T00:00:00+00:00' AIRFLOW_CTX_TRY_NUMBER='1' AIRFLOW_CTX_DAG_RUN_ID='scheduled__2025-03-23T00:00:00+00:00'
[2025-03-23T01:02:24.599+0000] {taskinstance.py:1943} ERROR - Task failed with exception
Traceback (most recent call last):
  File "/home/airflow/.local/lib/python3.9/site-packages/urllib3/connection.py", line 174, in _new_conn
    conn = connection.create_connection(
  File "/home/airflow/.local/lib/python3.9/site-packages/urllib3/util/connection.py", line 72, in create_connection
    for res in socket.getaddrinfo(host, port, family, socket.SOCK_STREAM):
  File "/usr/local/lib/python3.9/socket.py", line 954, in getaddrinfo
    for res in _socket.getaddrinfo(host, port, family, type, proto, flags):
socket.gaierror: [Errno -2] Name or service not known

During handling of the above exception, another exception occurred:

Traceback (most recent call last):
  File "/home/airflow/.local/lib/python3.9/site-packages/urllib3/connectionpool.py", line 714, in urlopen
    httplib_response = self._make_request(
  File "/home/airflow/.local/lib/python3.9/site-packages/urllib3/connectionpool.py", line 415, in _make_request
    conn.request(method, url, **httplib_request_kw)
  File "/home/airflow/.local/lib/python3.9/site-packages/urllib3/connection.py", line 244, in request
    super(HTTPConnection, self).request(method, url, body=body, headers=headers)
  File "/usr/local/lib/python3.9/http/client.py", line 1285, in request
    self._send_request(method, url, body, headers, encode_chunked)
  File "/usr/local/lib/python3.9/http/client.py", line 1331, in _send_request
    self.endheaders(body, encode_chunked=encode_chunked)
  File "/usr/local/lib/python3.9/http/client.py", line 1280, in endheaders
    self._send_output(message_body, encode_chunked=encode_chunked)
  File "/usr/local/lib/python3.9/http/client.py", line 1040, in _send_output
    self.send(msg)
  File "/usr/local/lib/python3.9/http/client.py", line 980, in send
    self.connect()
  File "/home/airflow/.local/lib/python3.9/site-packages/urllib3/connection.py", line 205, in connect
    conn = self._new_conn()
  File "/home/airflow/.local/lib/python3.9/site-packages/urllib3/connection.py", line 186, in _new_conn
    raise NewConnectionError(
urllib3.exceptions.NewConnectionError: <urllib3.connection.HTTPConnection object at 0x7a6953870670>: Failed to establish a new connection: [Errno -2] Name or service not known

During handling of the above exception, another exception occurred:

Traceback (most recent call last):
  File "/home/airflow/.local/lib/python3.9/site-packages/requests/adapters.py", line 486, in send
    resp = conn.urlopen(
  File "/home/airflow/.local/lib/python3.9/site-packages/urllib3/connectionpool.py", line 798, in urlopen
    retries = retries.increment(
  File "/home/airflow/.local/lib/python3.9/site-packages/urllib3/util/retry.py", line 592, in increment
    raise MaxRetryError(_pool, url, error or ResponseError(cause))
urllib3.exceptions.MaxRetryError: HTTPConnectionPool(host='host.docker.internal', port=80): Max retries exceeded with url: /data?group_number=10 (Caused by NewConnectionError('<urllib3.connection.HTTPConnection object at 0x7a6953870670>: Failed to establish a new connection: [Errno -2] Name or service not known'))

During handling of the above exception, another exception occurred:

Traceback (most recent call last):
  File "/home/airflow/.local/lib/python3.9/site-packages/airflow/operators/python.py", line 192, in execute
    return_value = self.execute_callable()
  File "/home/airflow/.local/lib/python3.9/site-packages/airflow/operators/python.py", line 209, in execute_callable
    return self.python_callable(*self.op_args, **self.op_kwargs)
  File "/opt/airflow/dags/recolectar_datos.py", line 17, in recolectar_lote
    response = requests.get(url)
  File "/home/airflow/.local/lib/python3.9/site-packages/requests/api.py", line 73, in get
    return request("get", url, params=params, **kwargs)
  File "/home/airflow/.local/lib/python3.9/site-packages/requests/api.py", line 59, in request
    return session.request(method=method, url=url, **kwargs)
  File "/home/airflow/.local/lib/python3.9/site-packages/requests/sessions.py", line 589, in request
    resp = self.send(prep, **send_kwargs)
  File "/home/airflow/.local/lib/python3.9/site-packages/requests/sessions.py", line 703, in send
    r = adapter.send(request, **kwargs)
  File "/home/airflow/.local/lib/python3.9/site-packages/requests/adapters.py", line 519, in send
    raise ConnectionError(e, request=request)
requests.exceptions.ConnectionError: HTTPConnectionPool(host='host.docker.internal', port=80): Max retries exceeded with url: /data?group_number=10 (Caused by NewConnectionError('<urllib3.connection.HTTPConnection object at 0x7a6953870670>: Failed to establish a new connection: [Errno -2] Name or service not known'))
[2025-03-23T01:02:24.673+0000] {taskinstance.py:1400} INFO - Marking task as UP_FOR_RETRY. dag_id=recolectar_datos_api, task_id=extraer_datos, execution_date=20250323T000000, start_date=20250323T010224, end_date=20250323T010224
[2025-03-23T01:02:24.742+0000] {standard_task_runner.py:104} ERROR - Failed to execute job 4 for task extraer_datos (HTTPConnectionPool(host='host.docker.internal', port=80): Max retries exceeded with url: /data?group_number=10 (Caused by NewConnectionError('<urllib3.connection.HTTPConnection object at 0x7a6953870670>: Failed to establish a new connection: [Errno -2] Name or service not known')); 49)
[2025-03-23T01:02:24.823+0000] {local_task_job_runner.py:228} INFO - Task exited with return code 1
[2025-03-23T01:02:24.876+0000] {taskinstance.py:2784} INFO - 0 downstream tasks scheduled from follow-on schedule check
