[2025-04-01T23:09:19.289+0000] {processor.py:157} INFO - Started process (PID=50) to work on /opt/airflow/dags/entrenar_modelo.py
[2025-04-01T23:09:19.323+0000] {processor.py:829} INFO - Processing file /opt/airflow/dags/entrenar_modelo.py for tasks to queue
[2025-04-01T23:09:19.369+0000] {logging_mixin.py:151} INFO - [2025-04-01T23:09:19.368+0000] {dagbag.py:539} INFO - Filling up the DagBag from /opt/airflow/dags/entrenar_modelo.py
[2025-04-01T23:09:40.057+0000] {processor.py:839} INFO - DAG(s) dict_keys(['entrenar_modelo']) retrieved from /opt/airflow/dags/entrenar_modelo.py
[2025-04-01T23:09:40.395+0000] {logging_mixin.py:151} INFO - [2025-04-01T23:09:40.394+0000] {manager.py:501} INFO - Created Permission View: can read on DAG:entrenar_modelo
[2025-04-01T23:09:40.436+0000] {logging_mixin.py:151} INFO - [2025-04-01T23:09:40.436+0000] {manager.py:501} INFO - Created Permission View: can delete on DAG:entrenar_modelo
[2025-04-01T23:09:40.460+0000] {logging_mixin.py:151} INFO - [2025-04-01T23:09:40.460+0000] {manager.py:501} INFO - Created Permission View: can edit on DAG:entrenar_modelo
[2025-04-01T23:09:40.498+0000] {logging_mixin.py:151} INFO - [2025-04-01T23:09:40.497+0000] {dag.py:2907} INFO - Sync 1 DAGs
[2025-04-01T23:09:40.538+0000] {logging_mixin.py:151} INFO - [2025-04-01T23:09:40.535+0000] {dag.py:2929} INFO - Creating ORM DAG for entrenar_modelo
[2025-04-01T23:09:40.582+0000] {logging_mixin.py:151} INFO - [2025-04-01T23:09:40.582+0000] {dag.py:3677} INFO - Setting next_dagrun for entrenar_modelo to 2025-03-31T00:00:00+00:00, run_after=2025-04-01T00:00:00+00:00
[2025-04-01T23:09:40.629+0000] {processor.py:179} INFO - Processing /opt/airflow/dags/entrenar_modelo.py took 21.418 seconds
[2025-04-01T23:10:11.129+0000] {processor.py:157} INFO - Started process (PID=57) to work on /opt/airflow/dags/entrenar_modelo.py
[2025-04-01T23:10:11.131+0000] {processor.py:829} INFO - Processing file /opt/airflow/dags/entrenar_modelo.py for tasks to queue
[2025-04-01T23:10:11.136+0000] {logging_mixin.py:151} INFO - [2025-04-01T23:10:11.135+0000] {dagbag.py:539} INFO - Filling up the DagBag from /opt/airflow/dags/entrenar_modelo.py
[2025-04-01T23:10:15.956+0000] {processor.py:839} INFO - DAG(s) dict_keys(['entrenar_modelo']) retrieved from /opt/airflow/dags/entrenar_modelo.py
[2025-04-01T23:10:15.995+0000] {logging_mixin.py:151} INFO - [2025-04-01T23:10:15.994+0000] {dag.py:2907} INFO - Sync 1 DAGs
[2025-04-01T23:10:16.030+0000] {logging_mixin.py:151} INFO - [2025-04-01T23:10:16.029+0000] {dag.py:3677} INFO - Setting next_dagrun for entrenar_modelo to 2025-03-31T00:00:00+00:00, run_after=2025-04-01T00:00:00+00:00
[2025-04-01T23:10:16.062+0000] {processor.py:179} INFO - Processing /opt/airflow/dags/entrenar_modelo.py took 4.942 seconds
[2025-04-01T23:10:46.585+0000] {processor.py:157} INFO - Started process (PID=63) to work on /opt/airflow/dags/entrenar_modelo.py
[2025-04-01T23:10:46.590+0000] {processor.py:829} INFO - Processing file /opt/airflow/dags/entrenar_modelo.py for tasks to queue
[2025-04-01T23:10:46.599+0000] {logging_mixin.py:151} INFO - [2025-04-01T23:10:46.599+0000] {dagbag.py:539} INFO - Filling up the DagBag from /opt/airflow/dags/entrenar_modelo.py
[2025-04-01T23:10:50.390+0000] {processor.py:839} INFO - DAG(s) dict_keys(['entrenar_modelo']) retrieved from /opt/airflow/dags/entrenar_modelo.py
[2025-04-01T23:10:50.427+0000] {logging_mixin.py:151} INFO - [2025-04-01T23:10:50.426+0000] {dag.py:2907} INFO - Sync 1 DAGs
[2025-04-01T23:10:50.456+0000] {logging_mixin.py:151} INFO - [2025-04-01T23:10:50.456+0000] {dag.py:3677} INFO - Setting next_dagrun for entrenar_modelo to 2025-03-31T00:00:00+00:00, run_after=2025-04-01T00:00:00+00:00
[2025-04-01T23:10:50.486+0000] {processor.py:179} INFO - Processing /opt/airflow/dags/entrenar_modelo.py took 3.917 seconds
[2025-04-01T23:11:21.041+0000] {processor.py:157} INFO - Started process (PID=69) to work on /opt/airflow/dags/entrenar_modelo.py
[2025-04-01T23:11:21.043+0000] {processor.py:829} INFO - Processing file /opt/airflow/dags/entrenar_modelo.py for tasks to queue
[2025-04-01T23:11:21.049+0000] {logging_mixin.py:151} INFO - [2025-04-01T23:11:21.047+0000] {dagbag.py:539} INFO - Filling up the DagBag from /opt/airflow/dags/entrenar_modelo.py
[2025-04-01T23:11:25.559+0000] {processor.py:839} INFO - DAG(s) dict_keys(['entrenar_modelo']) retrieved from /opt/airflow/dags/entrenar_modelo.py
[2025-04-01T23:11:25.712+0000] {logging_mixin.py:151} INFO - [2025-04-01T23:11:25.712+0000] {dag.py:2907} INFO - Sync 1 DAGs
[2025-04-01T23:11:25.806+0000] {logging_mixin.py:151} INFO - [2025-04-01T23:11:25.806+0000] {dag.py:3677} INFO - Setting next_dagrun for entrenar_modelo to 2025-03-31T00:00:00+00:00, run_after=2025-04-01T00:00:00+00:00
[2025-04-01T23:11:25.872+0000] {processor.py:179} INFO - Processing /opt/airflow/dags/entrenar_modelo.py took 4.839 seconds
[2025-04-01T23:11:56.087+0000] {processor.py:157} INFO - Started process (PID=75) to work on /opt/airflow/dags/entrenar_modelo.py
[2025-04-01T23:11:56.089+0000] {processor.py:829} INFO - Processing file /opt/airflow/dags/entrenar_modelo.py for tasks to queue
[2025-04-01T23:11:56.094+0000] {logging_mixin.py:151} INFO - [2025-04-01T23:11:56.093+0000] {dagbag.py:539} INFO - Filling up the DagBag from /opt/airflow/dags/entrenar_modelo.py
[2025-04-01T23:11:59.916+0000] {processor.py:839} INFO - DAG(s) dict_keys(['entrenar_modelo']) retrieved from /opt/airflow/dags/entrenar_modelo.py
[2025-04-01T23:11:59.955+0000] {logging_mixin.py:151} INFO - [2025-04-01T23:11:59.954+0000] {dag.py:2907} INFO - Sync 1 DAGs
[2025-04-01T23:11:59.988+0000] {logging_mixin.py:151} INFO - [2025-04-01T23:11:59.988+0000] {dag.py:3677} INFO - Setting next_dagrun for entrenar_modelo to 2025-03-31T00:00:00+00:00, run_after=2025-04-01T00:00:00+00:00
[2025-04-01T23:12:00.043+0000] {processor.py:179} INFO - Processing /opt/airflow/dags/entrenar_modelo.py took 3.965 seconds
[2025-04-01T23:12:30.693+0000] {processor.py:157} INFO - Started process (PID=82) to work on /opt/airflow/dags/entrenar_modelo.py
[2025-04-01T23:12:30.696+0000] {processor.py:829} INFO - Processing file /opt/airflow/dags/entrenar_modelo.py for tasks to queue
[2025-04-01T23:12:30.705+0000] {logging_mixin.py:151} INFO - [2025-04-01T23:12:30.705+0000] {dagbag.py:539} INFO - Filling up the DagBag from /opt/airflow/dags/entrenar_modelo.py
[2025-04-01T23:12:35.195+0000] {processor.py:839} INFO - DAG(s) dict_keys(['entrenar_modelo']) retrieved from /opt/airflow/dags/entrenar_modelo.py
[2025-04-01T23:12:35.238+0000] {logging_mixin.py:151} INFO - [2025-04-01T23:12:35.237+0000] {dag.py:2907} INFO - Sync 1 DAGs
[2025-04-01T23:12:35.286+0000] {logging_mixin.py:151} INFO - [2025-04-01T23:12:35.285+0000] {dag.py:3677} INFO - Setting next_dagrun for entrenar_modelo to 2025-03-31T00:00:00+00:00, run_after=2025-04-01T00:00:00+00:00
[2025-04-01T23:12:35.322+0000] {processor.py:179} INFO - Processing /opt/airflow/dags/entrenar_modelo.py took 4.648 seconds
[2025-04-01T23:13:06.131+0000] {processor.py:157} INFO - Started process (PID=88) to work on /opt/airflow/dags/entrenar_modelo.py
[2025-04-01T23:13:06.133+0000] {processor.py:829} INFO - Processing file /opt/airflow/dags/entrenar_modelo.py for tasks to queue
[2025-04-01T23:13:06.138+0000] {logging_mixin.py:151} INFO - [2025-04-01T23:13:06.138+0000] {dagbag.py:539} INFO - Filling up the DagBag from /opt/airflow/dags/entrenar_modelo.py
[2025-04-01T23:13:09.721+0000] {processor.py:839} INFO - DAG(s) dict_keys(['entrenar_modelo']) retrieved from /opt/airflow/dags/entrenar_modelo.py
[2025-04-01T23:13:09.786+0000] {logging_mixin.py:151} INFO - [2025-04-01T23:13:09.785+0000] {dag.py:2907} INFO - Sync 1 DAGs
[2025-04-01T23:13:09.825+0000] {logging_mixin.py:151} INFO - [2025-04-01T23:13:09.825+0000] {dag.py:3677} INFO - Setting next_dagrun for entrenar_modelo to 2025-03-31T00:00:00+00:00, run_after=2025-04-01T00:00:00+00:00
[2025-04-01T23:13:09.853+0000] {processor.py:179} INFO - Processing /opt/airflow/dags/entrenar_modelo.py took 3.730 seconds
[2025-04-01T23:13:40.543+0000] {processor.py:157} INFO - Started process (PID=94) to work on /opt/airflow/dags/entrenar_modelo.py
[2025-04-01T23:13:40.546+0000] {processor.py:829} INFO - Processing file /opt/airflow/dags/entrenar_modelo.py for tasks to queue
[2025-04-01T23:13:40.551+0000] {logging_mixin.py:151} INFO - [2025-04-01T23:13:40.550+0000] {dagbag.py:539} INFO - Filling up the DagBag from /opt/airflow/dags/entrenar_modelo.py
[2025-04-01T23:13:43.992+0000] {processor.py:839} INFO - DAG(s) dict_keys(['entrenar_modelo']) retrieved from /opt/airflow/dags/entrenar_modelo.py
[2025-04-01T23:13:44.029+0000] {logging_mixin.py:151} INFO - [2025-04-01T23:13:44.028+0000] {dag.py:2907} INFO - Sync 1 DAGs
[2025-04-01T23:13:44.071+0000] {logging_mixin.py:151} INFO - [2025-04-01T23:13:44.071+0000] {dag.py:3677} INFO - Setting next_dagrun for entrenar_modelo to 2025-03-31T00:00:00+00:00, run_after=2025-04-01T00:00:00+00:00
[2025-04-01T23:13:44.094+0000] {processor.py:179} INFO - Processing /opt/airflow/dags/entrenar_modelo.py took 3.559 seconds
[2025-04-01T23:14:14.934+0000] {processor.py:157} INFO - Started process (PID=100) to work on /opt/airflow/dags/entrenar_modelo.py
[2025-04-01T23:14:14.936+0000] {processor.py:829} INFO - Processing file /opt/airflow/dags/entrenar_modelo.py for tasks to queue
[2025-04-01T23:14:14.942+0000] {logging_mixin.py:151} INFO - [2025-04-01T23:14:14.941+0000] {dagbag.py:539} INFO - Filling up the DagBag from /opt/airflow/dags/entrenar_modelo.py
[2025-04-01T23:14:18.593+0000] {processor.py:839} INFO - DAG(s) dict_keys(['entrenar_modelo']) retrieved from /opt/airflow/dags/entrenar_modelo.py
[2025-04-01T23:14:18.630+0000] {logging_mixin.py:151} INFO - [2025-04-01T23:14:18.629+0000] {dag.py:2907} INFO - Sync 1 DAGs
[2025-04-01T23:14:18.659+0000] {logging_mixin.py:151} INFO - [2025-04-01T23:14:18.659+0000] {dag.py:3677} INFO - Setting next_dagrun for entrenar_modelo to 2025-03-31T00:00:00+00:00, run_after=2025-04-01T00:00:00+00:00
[2025-04-01T23:14:18.684+0000] {processor.py:179} INFO - Processing /opt/airflow/dags/entrenar_modelo.py took 3.761 seconds
[2025-04-01T23:14:49.362+0000] {processor.py:157} INFO - Started process (PID=106) to work on /opt/airflow/dags/entrenar_modelo.py
[2025-04-01T23:14:49.364+0000] {processor.py:829} INFO - Processing file /opt/airflow/dags/entrenar_modelo.py for tasks to queue
[2025-04-01T23:14:49.370+0000] {logging_mixin.py:151} INFO - [2025-04-01T23:14:49.370+0000] {dagbag.py:539} INFO - Filling up the DagBag from /opt/airflow/dags/entrenar_modelo.py
[2025-04-01T23:14:52.849+0000] {processor.py:839} INFO - DAG(s) dict_keys(['entrenar_modelo']) retrieved from /opt/airflow/dags/entrenar_modelo.py
[2025-04-01T23:14:52.896+0000] {logging_mixin.py:151} INFO - [2025-04-01T23:14:52.895+0000] {dag.py:2907} INFO - Sync 1 DAGs
[2025-04-01T23:14:52.937+0000] {logging_mixin.py:151} INFO - [2025-04-01T23:14:52.936+0000] {dag.py:3677} INFO - Setting next_dagrun for entrenar_modelo to 2025-03-31T00:00:00+00:00, run_after=2025-04-01T00:00:00+00:00
[2025-04-01T23:14:52.968+0000] {processor.py:179} INFO - Processing /opt/airflow/dags/entrenar_modelo.py took 3.614 seconds
[2025-04-01T23:15:23.776+0000] {processor.py:157} INFO - Started process (PID=112) to work on /opt/airflow/dags/entrenar_modelo.py
[2025-04-01T23:15:23.779+0000] {processor.py:829} INFO - Processing file /opt/airflow/dags/entrenar_modelo.py for tasks to queue
[2025-04-01T23:15:23.783+0000] {logging_mixin.py:151} INFO - [2025-04-01T23:15:23.783+0000] {dagbag.py:539} INFO - Filling up the DagBag from /opt/airflow/dags/entrenar_modelo.py
[2025-04-01T23:15:27.284+0000] {processor.py:839} INFO - DAG(s) dict_keys(['entrenar_modelo']) retrieved from /opt/airflow/dags/entrenar_modelo.py
[2025-04-01T23:15:27.319+0000] {logging_mixin.py:151} INFO - [2025-04-01T23:15:27.318+0000] {dag.py:2907} INFO - Sync 1 DAGs
[2025-04-01T23:15:27.357+0000] {logging_mixin.py:151} INFO - [2025-04-01T23:15:27.356+0000] {dag.py:3677} INFO - Setting next_dagrun for entrenar_modelo to 2025-03-31T00:00:00+00:00, run_after=2025-04-01T00:00:00+00:00
[2025-04-01T23:15:27.380+0000] {processor.py:179} INFO - Processing /opt/airflow/dags/entrenar_modelo.py took 3.612 seconds
[2025-04-01T23:15:58.196+0000] {processor.py:157} INFO - Started process (PID=118) to work on /opt/airflow/dags/entrenar_modelo.py
[2025-04-01T23:15:58.199+0000] {processor.py:829} INFO - Processing file /opt/airflow/dags/entrenar_modelo.py for tasks to queue
[2025-04-01T23:15:58.204+0000] {logging_mixin.py:151} INFO - [2025-04-01T23:15:58.204+0000] {dagbag.py:539} INFO - Filling up the DagBag from /opt/airflow/dags/entrenar_modelo.py
[2025-04-01T23:16:01.743+0000] {processor.py:839} INFO - DAG(s) dict_keys(['entrenar_modelo']) retrieved from /opt/airflow/dags/entrenar_modelo.py
[2025-04-01T23:16:01.783+0000] {logging_mixin.py:151} INFO - [2025-04-01T23:16:01.782+0000] {dag.py:2907} INFO - Sync 1 DAGs
[2025-04-01T23:16:01.817+0000] {logging_mixin.py:151} INFO - [2025-04-01T23:16:01.816+0000] {dag.py:3677} INFO - Setting next_dagrun for entrenar_modelo to 2025-03-31T00:00:00+00:00, run_after=2025-04-01T00:00:00+00:00
[2025-04-01T23:16:01.840+0000] {processor.py:179} INFO - Processing /opt/airflow/dags/entrenar_modelo.py took 3.652 seconds
[2025-04-01T23:16:32.085+0000] {processor.py:157} INFO - Started process (PID=125) to work on /opt/airflow/dags/entrenar_modelo.py
[2025-04-01T23:16:32.088+0000] {processor.py:829} INFO - Processing file /opt/airflow/dags/entrenar_modelo.py for tasks to queue
[2025-04-01T23:16:32.093+0000] {logging_mixin.py:151} INFO - [2025-04-01T23:16:32.092+0000] {dagbag.py:539} INFO - Filling up the DagBag from /opt/airflow/dags/entrenar_modelo.py
[2025-04-01T23:16:35.586+0000] {processor.py:839} INFO - DAG(s) dict_keys(['entrenar_modelo']) retrieved from /opt/airflow/dags/entrenar_modelo.py
[2025-04-01T23:16:35.622+0000] {logging_mixin.py:151} INFO - [2025-04-01T23:16:35.621+0000] {dag.py:2907} INFO - Sync 1 DAGs
[2025-04-01T23:16:35.658+0000] {logging_mixin.py:151} INFO - [2025-04-01T23:16:35.657+0000] {dag.py:3677} INFO - Setting next_dagrun for entrenar_modelo to 2025-03-31T00:00:00+00:00, run_after=2025-04-01T00:00:00+00:00
[2025-04-01T23:16:35.684+0000] {processor.py:179} INFO - Processing /opt/airflow/dags/entrenar_modelo.py took 3.606 seconds
[2025-04-01T23:17:06.319+0000] {processor.py:157} INFO - Started process (PID=131) to work on /opt/airflow/dags/entrenar_modelo.py
[2025-04-01T23:17:06.322+0000] {processor.py:829} INFO - Processing file /opt/airflow/dags/entrenar_modelo.py for tasks to queue
[2025-04-01T23:17:06.328+0000] {logging_mixin.py:151} INFO - [2025-04-01T23:17:06.328+0000] {dagbag.py:539} INFO - Filling up the DagBag from /opt/airflow/dags/entrenar_modelo.py
[2025-04-01T23:17:09.977+0000] {processor.py:839} INFO - DAG(s) dict_keys(['entrenar_modelo']) retrieved from /opt/airflow/dags/entrenar_modelo.py
[2025-04-01T23:17:10.013+0000] {logging_mixin.py:151} INFO - [2025-04-01T23:17:10.012+0000] {dag.py:2907} INFO - Sync 1 DAGs
[2025-04-01T23:17:10.044+0000] {logging_mixin.py:151} INFO - [2025-04-01T23:17:10.044+0000] {dag.py:3677} INFO - Setting next_dagrun for entrenar_modelo to 2025-03-31T00:00:00+00:00, run_after=2025-04-01T00:00:00+00:00
[2025-04-01T23:17:10.065+0000] {processor.py:179} INFO - Processing /opt/airflow/dags/entrenar_modelo.py took 3.754 seconds
[2025-04-01T23:17:40.705+0000] {processor.py:157} INFO - Started process (PID=137) to work on /opt/airflow/dags/entrenar_modelo.py
[2025-04-01T23:17:40.707+0000] {processor.py:829} INFO - Processing file /opt/airflow/dags/entrenar_modelo.py for tasks to queue
[2025-04-01T23:17:40.712+0000] {logging_mixin.py:151} INFO - [2025-04-01T23:17:40.712+0000] {dagbag.py:539} INFO - Filling up the DagBag from /opt/airflow/dags/entrenar_modelo.py
[2025-04-01T23:17:44.306+0000] {processor.py:839} INFO - DAG(s) dict_keys(['entrenar_modelo']) retrieved from /opt/airflow/dags/entrenar_modelo.py
[2025-04-01T23:17:44.347+0000] {logging_mixin.py:151} INFO - [2025-04-01T23:17:44.346+0000] {dag.py:2907} INFO - Sync 1 DAGs
[2025-04-01T23:17:44.385+0000] {logging_mixin.py:151} INFO - [2025-04-01T23:17:44.385+0000] {dag.py:3677} INFO - Setting next_dagrun for entrenar_modelo to 2025-03-31T00:00:00+00:00, run_after=2025-04-01T00:00:00+00:00
[2025-04-01T23:17:44.415+0000] {processor.py:179} INFO - Processing /opt/airflow/dags/entrenar_modelo.py took 3.718 seconds
[2025-04-01T23:18:15.152+0000] {processor.py:157} INFO - Started process (PID=143) to work on /opt/airflow/dags/entrenar_modelo.py
[2025-04-01T23:18:15.156+0000] {processor.py:829} INFO - Processing file /opt/airflow/dags/entrenar_modelo.py for tasks to queue
[2025-04-01T23:18:15.164+0000] {logging_mixin.py:151} INFO - [2025-04-01T23:18:15.163+0000] {dagbag.py:539} INFO - Filling up the DagBag from /opt/airflow/dags/entrenar_modelo.py
[2025-04-01T23:18:18.970+0000] {processor.py:839} INFO - DAG(s) dict_keys(['entrenar_modelo']) retrieved from /opt/airflow/dags/entrenar_modelo.py
[2025-04-01T23:18:19.018+0000] {logging_mixin.py:151} INFO - [2025-04-01T23:18:19.017+0000] {dag.py:2907} INFO - Sync 1 DAGs
[2025-04-01T23:18:19.058+0000] {logging_mixin.py:151} INFO - [2025-04-01T23:18:19.057+0000] {dag.py:3677} INFO - Setting next_dagrun for entrenar_modelo to 2025-03-31T00:00:00+00:00, run_after=2025-04-01T00:00:00+00:00
[2025-04-01T23:18:19.086+0000] {processor.py:179} INFO - Processing /opt/airflow/dags/entrenar_modelo.py took 3.946 seconds
[2025-04-01T23:18:49.551+0000] {processor.py:157} INFO - Started process (PID=149) to work on /opt/airflow/dags/entrenar_modelo.py
[2025-04-01T23:18:49.554+0000] {processor.py:829} INFO - Processing file /opt/airflow/dags/entrenar_modelo.py for tasks to queue
[2025-04-01T23:18:49.560+0000] {logging_mixin.py:151} INFO - [2025-04-01T23:18:49.559+0000] {dagbag.py:539} INFO - Filling up the DagBag from /opt/airflow/dags/entrenar_modelo.py
[2025-04-01T23:18:53.114+0000] {processor.py:839} INFO - DAG(s) dict_keys(['entrenar_modelo']) retrieved from /opt/airflow/dags/entrenar_modelo.py
[2025-04-01T23:18:53.151+0000] {logging_mixin.py:151} INFO - [2025-04-01T23:18:53.150+0000] {dag.py:2907} INFO - Sync 1 DAGs
[2025-04-01T23:18:53.182+0000] {logging_mixin.py:151} INFO - [2025-04-01T23:18:53.182+0000] {dag.py:3677} INFO - Setting next_dagrun for entrenar_modelo to 2025-03-31T00:00:00+00:00, run_after=2025-04-01T00:00:00+00:00
[2025-04-01T23:18:53.207+0000] {processor.py:179} INFO - Processing /opt/airflow/dags/entrenar_modelo.py took 3.665 seconds
[2025-04-01T23:19:23.984+0000] {processor.py:157} INFO - Started process (PID=155) to work on /opt/airflow/dags/entrenar_modelo.py
[2025-04-01T23:19:23.988+0000] {processor.py:829} INFO - Processing file /opt/airflow/dags/entrenar_modelo.py for tasks to queue
[2025-04-01T23:19:23.996+0000] {logging_mixin.py:151} INFO - [2025-04-01T23:19:23.994+0000] {dagbag.py:539} INFO - Filling up the DagBag from /opt/airflow/dags/entrenar_modelo.py
[2025-04-01T23:19:27.572+0000] {processor.py:839} INFO - DAG(s) dict_keys(['entrenar_modelo']) retrieved from /opt/airflow/dags/entrenar_modelo.py
[2025-04-01T23:19:27.608+0000] {logging_mixin.py:151} INFO - [2025-04-01T23:19:27.607+0000] {dag.py:2907} INFO - Sync 1 DAGs
[2025-04-01T23:19:27.638+0000] {logging_mixin.py:151} INFO - [2025-04-01T23:19:27.637+0000] {dag.py:3677} INFO - Setting next_dagrun for entrenar_modelo to 2025-03-31T00:00:00+00:00, run_after=2025-04-01T00:00:00+00:00
[2025-04-01T23:19:27.660+0000] {processor.py:179} INFO - Processing /opt/airflow/dags/entrenar_modelo.py took 3.686 seconds
[2025-04-01T23:19:58.494+0000] {processor.py:157} INFO - Started process (PID=161) to work on /opt/airflow/dags/entrenar_modelo.py
[2025-04-01T23:19:58.497+0000] {processor.py:829} INFO - Processing file /opt/airflow/dags/entrenar_modelo.py for tasks to queue
[2025-04-01T23:19:58.506+0000] {logging_mixin.py:151} INFO - [2025-04-01T23:19:58.506+0000] {dagbag.py:539} INFO - Filling up the DagBag from /opt/airflow/dags/entrenar_modelo.py
[2025-04-01T23:20:01.965+0000] {processor.py:839} INFO - DAG(s) dict_keys(['entrenar_modelo']) retrieved from /opt/airflow/dags/entrenar_modelo.py
[2025-04-01T23:20:02.001+0000] {logging_mixin.py:151} INFO - [2025-04-01T23:20:02.000+0000] {dag.py:2907} INFO - Sync 1 DAGs
[2025-04-01T23:20:02.032+0000] {logging_mixin.py:151} INFO - [2025-04-01T23:20:02.032+0000] {dag.py:3677} INFO - Setting next_dagrun for entrenar_modelo to 2025-03-31T00:00:00+00:00, run_after=2025-04-01T00:00:00+00:00
[2025-04-01T23:20:02.054+0000] {processor.py:179} INFO - Processing /opt/airflow/dags/entrenar_modelo.py took 3.568 seconds
[2025-04-01T23:20:32.886+0000] {processor.py:157} INFO - Started process (PID=167) to work on /opt/airflow/dags/entrenar_modelo.py
[2025-04-01T23:20:32.889+0000] {processor.py:829} INFO - Processing file /opt/airflow/dags/entrenar_modelo.py for tasks to queue
[2025-04-01T23:20:32.893+0000] {logging_mixin.py:151} INFO - [2025-04-01T23:20:32.893+0000] {dagbag.py:539} INFO - Filling up the DagBag from /opt/airflow/dags/entrenar_modelo.py
[2025-04-01T23:20:36.491+0000] {processor.py:839} INFO - DAG(s) dict_keys(['entrenar_modelo']) retrieved from /opt/airflow/dags/entrenar_modelo.py
[2025-04-01T23:20:36.527+0000] {logging_mixin.py:151} INFO - [2025-04-01T23:20:36.526+0000] {dag.py:2907} INFO - Sync 1 DAGs
[2025-04-01T23:20:36.561+0000] {logging_mixin.py:151} INFO - [2025-04-01T23:20:36.561+0000] {dag.py:3677} INFO - Setting next_dagrun for entrenar_modelo to 2025-03-31T00:00:00+00:00, run_after=2025-04-01T00:00:00+00:00
[2025-04-01T23:20:36.592+0000] {processor.py:179} INFO - Processing /opt/airflow/dags/entrenar_modelo.py took 3.714 seconds
[2025-04-01T23:21:06.794+0000] {processor.py:157} INFO - Started process (PID=174) to work on /opt/airflow/dags/entrenar_modelo.py
[2025-04-01T23:21:06.798+0000] {processor.py:829} INFO - Processing file /opt/airflow/dags/entrenar_modelo.py for tasks to queue
[2025-04-01T23:21:06.803+0000] {logging_mixin.py:151} INFO - [2025-04-01T23:21:06.802+0000] {dagbag.py:539} INFO - Filling up the DagBag from /opt/airflow/dags/entrenar_modelo.py
[2025-04-01T23:21:10.354+0000] {processor.py:839} INFO - DAG(s) dict_keys(['entrenar_modelo']) retrieved from /opt/airflow/dags/entrenar_modelo.py
[2025-04-01T23:21:10.411+0000] {logging_mixin.py:151} INFO - [2025-04-01T23:21:10.411+0000] {dag.py:2907} INFO - Sync 1 DAGs
[2025-04-01T23:21:10.453+0000] {logging_mixin.py:151} INFO - [2025-04-01T23:21:10.452+0000] {dag.py:3677} INFO - Setting next_dagrun for entrenar_modelo to 2025-03-31T00:00:00+00:00, run_after=2025-04-01T00:00:00+00:00
[2025-04-01T23:21:10.475+0000] {processor.py:179} INFO - Processing /opt/airflow/dags/entrenar_modelo.py took 3.691 seconds
[2025-04-01T23:21:40.998+0000] {processor.py:157} INFO - Started process (PID=180) to work on /opt/airflow/dags/entrenar_modelo.py
[2025-04-01T23:21:41.000+0000] {processor.py:829} INFO - Processing file /opt/airflow/dags/entrenar_modelo.py for tasks to queue
[2025-04-01T23:21:41.005+0000] {logging_mixin.py:151} INFO - [2025-04-01T23:21:41.005+0000] {dagbag.py:539} INFO - Filling up the DagBag from /opt/airflow/dags/entrenar_modelo.py
[2025-04-01T23:21:44.708+0000] {processor.py:839} INFO - DAG(s) dict_keys(['entrenar_modelo']) retrieved from /opt/airflow/dags/entrenar_modelo.py
[2025-04-01T23:21:44.772+0000] {logging_mixin.py:151} INFO - [2025-04-01T23:21:44.771+0000] {dag.py:2907} INFO - Sync 1 DAGs
[2025-04-01T23:21:44.861+0000] {logging_mixin.py:151} INFO - [2025-04-01T23:21:44.829+0000] {dag.py:3677} INFO - Setting next_dagrun for entrenar_modelo to 2025-03-31T00:00:00+00:00, run_after=2025-04-01T00:00:00+00:00
[2025-04-01T23:21:44.987+0000] {processor.py:179} INFO - Processing /opt/airflow/dags/entrenar_modelo.py took 3.997 seconds
[2025-04-01T23:22:15.473+0000] {processor.py:157} INFO - Started process (PID=186) to work on /opt/airflow/dags/entrenar_modelo.py
[2025-04-01T23:22:15.476+0000] {processor.py:829} INFO - Processing file /opt/airflow/dags/entrenar_modelo.py for tasks to queue
[2025-04-01T23:22:15.483+0000] {logging_mixin.py:151} INFO - [2025-04-01T23:22:15.481+0000] {dagbag.py:539} INFO - Filling up the DagBag from /opt/airflow/dags/entrenar_modelo.py
[2025-04-01T23:22:19.135+0000] {processor.py:839} INFO - DAG(s) dict_keys(['entrenar_modelo']) retrieved from /opt/airflow/dags/entrenar_modelo.py
[2025-04-01T23:22:19.187+0000] {logging_mixin.py:151} INFO - [2025-04-01T23:22:19.185+0000] {dag.py:2907} INFO - Sync 1 DAGs
[2025-04-01T23:22:19.226+0000] {logging_mixin.py:151} INFO - [2025-04-01T23:22:19.226+0000] {dag.py:3677} INFO - Setting next_dagrun for entrenar_modelo to 2025-03-31T00:00:00+00:00, run_after=2025-04-01T00:00:00+00:00
[2025-04-01T23:22:19.253+0000] {processor.py:179} INFO - Processing /opt/airflow/dags/entrenar_modelo.py took 3.787 seconds
[2025-04-01T23:22:49.726+0000] {processor.py:157} INFO - Started process (PID=192) to work on /opt/airflow/dags/entrenar_modelo.py
[2025-04-01T23:22:49.728+0000] {processor.py:829} INFO - Processing file /opt/airflow/dags/entrenar_modelo.py for tasks to queue
[2025-04-01T23:22:49.733+0000] {logging_mixin.py:151} INFO - [2025-04-01T23:22:49.732+0000] {dagbag.py:539} INFO - Filling up the DagBag from /opt/airflow/dags/entrenar_modelo.py
[2025-04-01T23:22:53.367+0000] {processor.py:839} INFO - DAG(s) dict_keys(['entrenar_modelo']) retrieved from /opt/airflow/dags/entrenar_modelo.py
[2025-04-01T23:22:53.424+0000] {logging_mixin.py:151} INFO - [2025-04-01T23:22:53.423+0000] {dag.py:2907} INFO - Sync 1 DAGs
[2025-04-01T23:22:53.457+0000] {logging_mixin.py:151} INFO - [2025-04-01T23:22:53.457+0000] {dag.py:3677} INFO - Setting next_dagrun for entrenar_modelo to 2025-03-31T00:00:00+00:00, run_after=2025-04-01T00:00:00+00:00
[2025-04-01T23:22:53.483+0000] {processor.py:179} INFO - Processing /opt/airflow/dags/entrenar_modelo.py took 3.765 seconds
[2025-04-01T23:23:24.168+0000] {processor.py:157} INFO - Started process (PID=198) to work on /opt/airflow/dags/entrenar_modelo.py
[2025-04-01T23:23:24.170+0000] {processor.py:829} INFO - Processing file /opt/airflow/dags/entrenar_modelo.py for tasks to queue
[2025-04-01T23:23:24.175+0000] {logging_mixin.py:151} INFO - [2025-04-01T23:23:24.174+0000] {dagbag.py:539} INFO - Filling up the DagBag from /opt/airflow/dags/entrenar_modelo.py
[2025-04-01T23:23:28.003+0000] {processor.py:839} INFO - DAG(s) dict_keys(['entrenar_modelo']) retrieved from /opt/airflow/dags/entrenar_modelo.py
[2025-04-01T23:23:28.042+0000] {logging_mixin.py:151} INFO - [2025-04-01T23:23:28.041+0000] {dag.py:2907} INFO - Sync 1 DAGs
[2025-04-01T23:23:28.094+0000] {logging_mixin.py:151} INFO - [2025-04-01T23:23:28.094+0000] {dag.py:3677} INFO - Setting next_dagrun for entrenar_modelo to 2025-03-31T00:00:00+00:00, run_after=2025-04-01T00:00:00+00:00
[2025-04-01T23:23:28.127+0000] {processor.py:179} INFO - Processing /opt/airflow/dags/entrenar_modelo.py took 3.966 seconds
[2025-04-01T23:23:58.620+0000] {processor.py:157} INFO - Started process (PID=204) to work on /opt/airflow/dags/entrenar_modelo.py
[2025-04-01T23:23:58.624+0000] {processor.py:829} INFO - Processing file /opt/airflow/dags/entrenar_modelo.py for tasks to queue
[2025-04-01T23:23:58.630+0000] {logging_mixin.py:151} INFO - [2025-04-01T23:23:58.629+0000] {dagbag.py:539} INFO - Filling up the DagBag from /opt/airflow/dags/entrenar_modelo.py
[2025-04-01T23:24:02.343+0000] {processor.py:839} INFO - DAG(s) dict_keys(['entrenar_modelo']) retrieved from /opt/airflow/dags/entrenar_modelo.py
[2025-04-01T23:24:02.389+0000] {logging_mixin.py:151} INFO - [2025-04-01T23:24:02.389+0000] {dag.py:2907} INFO - Sync 1 DAGs
[2025-04-01T23:24:02.434+0000] {logging_mixin.py:151} INFO - [2025-04-01T23:24:02.433+0000] {dag.py:3677} INFO - Setting next_dagrun for entrenar_modelo to 2025-03-31T00:00:00+00:00, run_after=2025-04-01T00:00:00+00:00
[2025-04-01T23:24:02.501+0000] {processor.py:179} INFO - Processing /opt/airflow/dags/entrenar_modelo.py took 3.889 seconds
[2025-04-01T23:24:33.084+0000] {processor.py:157} INFO - Started process (PID=210) to work on /opt/airflow/dags/entrenar_modelo.py
[2025-04-01T23:24:33.086+0000] {processor.py:829} INFO - Processing file /opt/airflow/dags/entrenar_modelo.py for tasks to queue
[2025-04-01T23:24:33.091+0000] {logging_mixin.py:151} INFO - [2025-04-01T23:24:33.090+0000] {dagbag.py:539} INFO - Filling up the DagBag from /opt/airflow/dags/entrenar_modelo.py
[2025-04-01T23:24:36.692+0000] {processor.py:839} INFO - DAG(s) dict_keys(['entrenar_modelo']) retrieved from /opt/airflow/dags/entrenar_modelo.py
[2025-04-01T23:24:36.733+0000] {logging_mixin.py:151} INFO - [2025-04-01T23:24:36.732+0000] {dag.py:2907} INFO - Sync 1 DAGs
[2025-04-01T23:24:36.763+0000] {logging_mixin.py:151} INFO - [2025-04-01T23:24:36.763+0000] {dag.py:3677} INFO - Setting next_dagrun for entrenar_modelo to 2025-03-31T00:00:00+00:00, run_after=2025-04-01T00:00:00+00:00
[2025-04-01T23:24:36.787+0000] {processor.py:179} INFO - Processing /opt/airflow/dags/entrenar_modelo.py took 3.709 seconds
[2025-04-01T23:25:06.901+0000] {processor.py:157} INFO - Started process (PID=217) to work on /opt/airflow/dags/entrenar_modelo.py
[2025-04-01T23:25:06.904+0000] {processor.py:829} INFO - Processing file /opt/airflow/dags/entrenar_modelo.py for tasks to queue
[2025-04-01T23:25:06.908+0000] {logging_mixin.py:151} INFO - [2025-04-01T23:25:06.908+0000] {dagbag.py:539} INFO - Filling up the DagBag from /opt/airflow/dags/entrenar_modelo.py
[2025-04-01T23:25:10.464+0000] {processor.py:839} INFO - DAG(s) dict_keys(['entrenar_modelo']) retrieved from /opt/airflow/dags/entrenar_modelo.py
[2025-04-01T23:25:10.514+0000] {logging_mixin.py:151} INFO - [2025-04-01T23:25:10.513+0000] {dag.py:2907} INFO - Sync 1 DAGs
[2025-04-01T23:25:10.559+0000] {logging_mixin.py:151} INFO - [2025-04-01T23:25:10.559+0000] {dag.py:3677} INFO - Setting next_dagrun for entrenar_modelo to 2025-03-31T00:00:00+00:00, run_after=2025-04-01T00:00:00+00:00
[2025-04-01T23:25:10.602+0000] {processor.py:179} INFO - Processing /opt/airflow/dags/entrenar_modelo.py took 3.708 seconds
[2025-04-01T23:25:41.149+0000] {processor.py:157} INFO - Started process (PID=223) to work on /opt/airflow/dags/entrenar_modelo.py
[2025-04-01T23:25:41.151+0000] {processor.py:829} INFO - Processing file /opt/airflow/dags/entrenar_modelo.py for tasks to queue
[2025-04-01T23:25:41.156+0000] {logging_mixin.py:151} INFO - [2025-04-01T23:25:41.155+0000] {dagbag.py:539} INFO - Filling up the DagBag from /opt/airflow/dags/entrenar_modelo.py
[2025-04-01T23:25:44.644+0000] {processor.py:839} INFO - DAG(s) dict_keys(['entrenar_modelo']) retrieved from /opt/airflow/dags/entrenar_modelo.py
[2025-04-01T23:25:44.678+0000] {logging_mixin.py:151} INFO - [2025-04-01T23:25:44.677+0000] {dag.py:2907} INFO - Sync 1 DAGs
[2025-04-01T23:25:44.707+0000] {logging_mixin.py:151} INFO - [2025-04-01T23:25:44.707+0000] {dag.py:3677} INFO - Setting next_dagrun for entrenar_modelo to 2025-03-31T00:00:00+00:00, run_after=2025-04-01T00:00:00+00:00
[2025-04-01T23:25:44.730+0000] {processor.py:179} INFO - Processing /opt/airflow/dags/entrenar_modelo.py took 3.588 seconds
[2025-04-01T23:26:14.847+0000] {processor.py:157} INFO - Started process (PID=229) to work on /opt/airflow/dags/entrenar_modelo.py
[2025-04-01T23:26:14.850+0000] {processor.py:829} INFO - Processing file /opt/airflow/dags/entrenar_modelo.py for tasks to queue
[2025-04-01T23:26:14.856+0000] {logging_mixin.py:151} INFO - [2025-04-01T23:26:14.854+0000] {dagbag.py:539} INFO - Filling up the DagBag from /opt/airflow/dags/entrenar_modelo.py
[2025-04-01T23:26:18.704+0000] {processor.py:839} INFO - DAG(s) dict_keys(['entrenar_modelo']) retrieved from /opt/airflow/dags/entrenar_modelo.py
[2025-04-01T23:26:18.740+0000] {logging_mixin.py:151} INFO - [2025-04-01T23:26:18.739+0000] {dag.py:2907} INFO - Sync 1 DAGs
[2025-04-01T23:26:18.776+0000] {logging_mixin.py:151} INFO - [2025-04-01T23:26:18.776+0000] {dag.py:3677} INFO - Setting next_dagrun for entrenar_modelo to 2025-03-31T00:00:00+00:00, run_after=2025-04-01T00:00:00+00:00
[2025-04-01T23:26:18.801+0000] {processor.py:179} INFO - Processing /opt/airflow/dags/entrenar_modelo.py took 3.962 seconds
[2025-04-01T23:26:49.097+0000] {processor.py:157} INFO - Started process (PID=235) to work on /opt/airflow/dags/entrenar_modelo.py
[2025-04-01T23:26:49.100+0000] {processor.py:829} INFO - Processing file /opt/airflow/dags/entrenar_modelo.py for tasks to queue
[2025-04-01T23:26:49.105+0000] {logging_mixin.py:151} INFO - [2025-04-01T23:26:49.104+0000] {dagbag.py:539} INFO - Filling up the DagBag from /opt/airflow/dags/entrenar_modelo.py
[2025-04-01T23:26:52.529+0000] {processor.py:839} INFO - DAG(s) dict_keys(['entrenar_modelo']) retrieved from /opt/airflow/dags/entrenar_modelo.py
[2025-04-01T23:26:52.567+0000] {logging_mixin.py:151} INFO - [2025-04-01T23:26:52.567+0000] {dag.py:2907} INFO - Sync 1 DAGs
[2025-04-01T23:26:52.599+0000] {logging_mixin.py:151} INFO - [2025-04-01T23:26:52.598+0000] {dag.py:3677} INFO - Setting next_dagrun for entrenar_modelo to 2025-03-31T00:00:00+00:00, run_after=2025-04-01T00:00:00+00:00
[2025-04-01T23:26:52.624+0000] {processor.py:179} INFO - Processing /opt/airflow/dags/entrenar_modelo.py took 3.534 seconds
[2025-04-01T23:27:23.516+0000] {processor.py:157} INFO - Started process (PID=241) to work on /opt/airflow/dags/entrenar_modelo.py
[2025-04-01T23:27:23.519+0000] {processor.py:829} INFO - Processing file /opt/airflow/dags/entrenar_modelo.py for tasks to queue
[2025-04-01T23:27:23.526+0000] {logging_mixin.py:151} INFO - [2025-04-01T23:27:23.525+0000] {dagbag.py:539} INFO - Filling up the DagBag from /opt/airflow/dags/entrenar_modelo.py
[2025-04-01T23:27:27.309+0000] {processor.py:839} INFO - DAG(s) dict_keys(['entrenar_modelo']) retrieved from /opt/airflow/dags/entrenar_modelo.py
[2025-04-01T23:27:27.346+0000] {logging_mixin.py:151} INFO - [2025-04-01T23:27:27.345+0000] {dag.py:2907} INFO - Sync 1 DAGs
[2025-04-01T23:27:27.376+0000] {logging_mixin.py:151} INFO - [2025-04-01T23:27:27.376+0000] {dag.py:3677} INFO - Setting next_dagrun for entrenar_modelo to 2025-03-31T00:00:00+00:00, run_after=2025-04-01T00:00:00+00:00
[2025-04-01T23:27:27.400+0000] {processor.py:179} INFO - Processing /opt/airflow/dags/entrenar_modelo.py took 3.894 seconds
[2025-04-01T23:27:57.933+0000] {processor.py:157} INFO - Started process (PID=247) to work on /opt/airflow/dags/entrenar_modelo.py
[2025-04-01T23:27:57.935+0000] {processor.py:829} INFO - Processing file /opt/airflow/dags/entrenar_modelo.py for tasks to queue
[2025-04-01T23:27:57.941+0000] {logging_mixin.py:151} INFO - [2025-04-01T23:27:57.940+0000] {dagbag.py:539} INFO - Filling up the DagBag from /opt/airflow/dags/entrenar_modelo.py
[2025-04-01T23:28:01.499+0000] {processor.py:839} INFO - DAG(s) dict_keys(['entrenar_modelo']) retrieved from /opt/airflow/dags/entrenar_modelo.py
[2025-04-01T23:28:01.551+0000] {logging_mixin.py:151} INFO - [2025-04-01T23:28:01.550+0000] {dag.py:2907} INFO - Sync 1 DAGs
[2025-04-01T23:28:01.589+0000] {logging_mixin.py:151} INFO - [2025-04-01T23:28:01.589+0000] {dag.py:3677} INFO - Setting next_dagrun for entrenar_modelo to 2025-03-31T00:00:00+00:00, run_after=2025-04-01T00:00:00+00:00
[2025-04-01T23:28:01.611+0000] {processor.py:179} INFO - Processing /opt/airflow/dags/entrenar_modelo.py took 3.687 seconds
[2025-04-01T23:28:32.407+0000] {processor.py:157} INFO - Started process (PID=253) to work on /opt/airflow/dags/entrenar_modelo.py
[2025-04-01T23:28:32.410+0000] {processor.py:829} INFO - Processing file /opt/airflow/dags/entrenar_modelo.py for tasks to queue
[2025-04-01T23:28:32.418+0000] {logging_mixin.py:151} INFO - [2025-04-01T23:28:32.416+0000] {dagbag.py:539} INFO - Filling up the DagBag from /opt/airflow/dags/entrenar_modelo.py
[2025-04-01T23:28:36.033+0000] {processor.py:839} INFO - DAG(s) dict_keys(['entrenar_modelo']) retrieved from /opt/airflow/dags/entrenar_modelo.py
[2025-04-01T23:28:36.069+0000] {logging_mixin.py:151} INFO - [2025-04-01T23:28:36.069+0000] {dag.py:2907} INFO - Sync 1 DAGs
[2025-04-01T23:28:36.100+0000] {logging_mixin.py:151} INFO - [2025-04-01T23:28:36.100+0000] {dag.py:3677} INFO - Setting next_dagrun for entrenar_modelo to 2025-03-31T00:00:00+00:00, run_after=2025-04-01T00:00:00+00:00
[2025-04-01T23:28:36.125+0000] {processor.py:179} INFO - Processing /opt/airflow/dags/entrenar_modelo.py took 3.727 seconds
[2025-04-01T23:29:06.810+0000] {processor.py:157} INFO - Started process (PID=259) to work on /opt/airflow/dags/entrenar_modelo.py
[2025-04-01T23:29:06.812+0000] {processor.py:829} INFO - Processing file /opt/airflow/dags/entrenar_modelo.py for tasks to queue
[2025-04-01T23:29:06.817+0000] {logging_mixin.py:151} INFO - [2025-04-01T23:29:06.817+0000] {dagbag.py:539} INFO - Filling up the DagBag from /opt/airflow/dags/entrenar_modelo.py
[2025-04-01T23:29:10.717+0000] {processor.py:839} INFO - DAG(s) dict_keys(['entrenar_modelo']) retrieved from /opt/airflow/dags/entrenar_modelo.py
[2025-04-01T23:29:10.762+0000] {logging_mixin.py:151} INFO - [2025-04-01T23:29:10.762+0000] {dag.py:2907} INFO - Sync 1 DAGs
[2025-04-01T23:29:10.806+0000] {logging_mixin.py:151} INFO - [2025-04-01T23:29:10.806+0000] {dag.py:3677} INFO - Setting next_dagrun for entrenar_modelo to 2025-03-31T00:00:00+00:00, run_after=2025-04-01T00:00:00+00:00
[2025-04-01T23:29:10.836+0000] {processor.py:179} INFO - Processing /opt/airflow/dags/entrenar_modelo.py took 4.034 seconds
[2025-04-01T23:29:41.554+0000] {processor.py:157} INFO - Started process (PID=266) to work on /opt/airflow/dags/entrenar_modelo.py
[2025-04-01T23:29:41.556+0000] {processor.py:829} INFO - Processing file /opt/airflow/dags/entrenar_modelo.py for tasks to queue
[2025-04-01T23:29:41.563+0000] {logging_mixin.py:151} INFO - [2025-04-01T23:29:41.562+0000] {dagbag.py:539} INFO - Filling up the DagBag from /opt/airflow/dags/entrenar_modelo.py
[2025-04-01T23:29:45.382+0000] {processor.py:839} INFO - DAG(s) dict_keys(['entrenar_modelo']) retrieved from /opt/airflow/dags/entrenar_modelo.py
[2025-04-01T23:29:45.425+0000] {logging_mixin.py:151} INFO - [2025-04-01T23:29:45.425+0000] {dag.py:2907} INFO - Sync 1 DAGs
[2025-04-01T23:29:45.474+0000] {logging_mixin.py:151} INFO - [2025-04-01T23:29:45.473+0000] {dag.py:3677} INFO - Setting next_dagrun for entrenar_modelo to 2025-03-31T00:00:00+00:00, run_after=2025-04-01T00:00:00+00:00
[2025-04-01T23:29:45.504+0000] {processor.py:179} INFO - Processing /opt/airflow/dags/entrenar_modelo.py took 3.960 seconds
[2025-04-01T23:30:15.810+0000] {processor.py:157} INFO - Started process (PID=272) to work on /opt/airflow/dags/entrenar_modelo.py
[2025-04-01T23:30:15.813+0000] {processor.py:829} INFO - Processing file /opt/airflow/dags/entrenar_modelo.py for tasks to queue
[2025-04-01T23:30:15.824+0000] {logging_mixin.py:151} INFO - [2025-04-01T23:30:15.823+0000] {dagbag.py:539} INFO - Filling up the DagBag from /opt/airflow/dags/entrenar_modelo.py
[2025-04-01T23:30:20.139+0000] {processor.py:839} INFO - DAG(s) dict_keys(['entrenar_modelo']) retrieved from /opt/airflow/dags/entrenar_modelo.py
[2025-04-01T23:30:20.196+0000] {logging_mixin.py:151} INFO - [2025-04-01T23:30:20.195+0000] {dag.py:2907} INFO - Sync 1 DAGs
[2025-04-01T23:30:20.232+0000] {logging_mixin.py:151} INFO - [2025-04-01T23:30:20.232+0000] {dag.py:3677} INFO - Setting next_dagrun for entrenar_modelo to 2025-03-31T00:00:00+00:00, run_after=2025-04-01T00:00:00+00:00
[2025-04-01T23:30:20.271+0000] {processor.py:179} INFO - Processing /opt/airflow/dags/entrenar_modelo.py took 4.468 seconds
[2025-04-01T23:30:50.498+0000] {processor.py:157} INFO - Started process (PID=278) to work on /opt/airflow/dags/entrenar_modelo.py
[2025-04-01T23:30:50.502+0000] {processor.py:829} INFO - Processing file /opt/airflow/dags/entrenar_modelo.py for tasks to queue
[2025-04-01T23:30:50.508+0000] {logging_mixin.py:151} INFO - [2025-04-01T23:30:50.507+0000] {dagbag.py:539} INFO - Filling up the DagBag from /opt/airflow/dags/entrenar_modelo.py
[2025-04-01T23:30:54.094+0000] {processor.py:839} INFO - DAG(s) dict_keys(['entrenar_modelo']) retrieved from /opt/airflow/dags/entrenar_modelo.py
[2025-04-01T23:30:54.141+0000] {logging_mixin.py:151} INFO - [2025-04-01T23:30:54.140+0000] {dag.py:2907} INFO - Sync 1 DAGs
[2025-04-01T23:30:54.178+0000] {logging_mixin.py:151} INFO - [2025-04-01T23:30:54.177+0000] {dag.py:3677} INFO - Setting next_dagrun for entrenar_modelo to 2025-03-31T00:00:00+00:00, run_after=2025-04-01T00:00:00+00:00
[2025-04-01T23:30:54.209+0000] {processor.py:179} INFO - Processing /opt/airflow/dags/entrenar_modelo.py took 3.720 seconds
[2025-04-01T23:31:24.688+0000] {processor.py:157} INFO - Started process (PID=284) to work on /opt/airflow/dags/entrenar_modelo.py
[2025-04-01T23:31:24.690+0000] {processor.py:829} INFO - Processing file /opt/airflow/dags/entrenar_modelo.py for tasks to queue
[2025-04-01T23:31:24.695+0000] {logging_mixin.py:151} INFO - [2025-04-01T23:31:24.694+0000] {dagbag.py:539} INFO - Filling up the DagBag from /opt/airflow/dags/entrenar_modelo.py
[2025-04-01T23:31:28.248+0000] {processor.py:839} INFO - DAG(s) dict_keys(['entrenar_modelo']) retrieved from /opt/airflow/dags/entrenar_modelo.py
[2025-04-01T23:31:28.285+0000] {logging_mixin.py:151} INFO - [2025-04-01T23:31:28.284+0000] {dag.py:2907} INFO - Sync 1 DAGs
[2025-04-01T23:31:28.319+0000] {logging_mixin.py:151} INFO - [2025-04-01T23:31:28.318+0000] {dag.py:3677} INFO - Setting next_dagrun for entrenar_modelo to 2025-03-31T00:00:00+00:00, run_after=2025-04-01T00:00:00+00:00
[2025-04-01T23:31:28.353+0000] {processor.py:179} INFO - Processing /opt/airflow/dags/entrenar_modelo.py took 3.673 seconds
[2025-04-01T23:31:59.116+0000] {processor.py:157} INFO - Started process (PID=290) to work on /opt/airflow/dags/entrenar_modelo.py
[2025-04-01T23:31:59.118+0000] {processor.py:829} INFO - Processing file /opt/airflow/dags/entrenar_modelo.py for tasks to queue
[2025-04-01T23:31:59.123+0000] {logging_mixin.py:151} INFO - [2025-04-01T23:31:59.122+0000] {dagbag.py:539} INFO - Filling up the DagBag from /opt/airflow/dags/entrenar_modelo.py
[2025-04-01T23:32:02.667+0000] {processor.py:839} INFO - DAG(s) dict_keys(['entrenar_modelo']) retrieved from /opt/airflow/dags/entrenar_modelo.py
[2025-04-01T23:32:02.722+0000] {logging_mixin.py:151} INFO - [2025-04-01T23:32:02.721+0000] {dag.py:2907} INFO - Sync 1 DAGs
[2025-04-01T23:32:02.758+0000] {logging_mixin.py:151} INFO - [2025-04-01T23:32:02.758+0000] {dag.py:3677} INFO - Setting next_dagrun for entrenar_modelo to 2025-03-31T00:00:00+00:00, run_after=2025-04-01T00:00:00+00:00
[2025-04-01T23:32:02.784+0000] {processor.py:179} INFO - Processing /opt/airflow/dags/entrenar_modelo.py took 3.677 seconds
[2025-04-01T23:32:33.515+0000] {processor.py:157} INFO - Started process (PID=296) to work on /opt/airflow/dags/entrenar_modelo.py
[2025-04-01T23:32:33.518+0000] {processor.py:829} INFO - Processing file /opt/airflow/dags/entrenar_modelo.py for tasks to queue
[2025-04-01T23:32:33.525+0000] {logging_mixin.py:151} INFO - [2025-04-01T23:32:33.524+0000] {dagbag.py:539} INFO - Filling up the DagBag from /opt/airflow/dags/entrenar_modelo.py
[2025-04-01T23:32:37.049+0000] {processor.py:839} INFO - DAG(s) dict_keys(['entrenar_modelo']) retrieved from /opt/airflow/dags/entrenar_modelo.py
[2025-04-01T23:32:37.096+0000] {logging_mixin.py:151} INFO - [2025-04-01T23:32:37.095+0000] {dag.py:2907} INFO - Sync 1 DAGs
[2025-04-01T23:32:37.127+0000] {logging_mixin.py:151} INFO - [2025-04-01T23:32:37.127+0000] {dag.py:3677} INFO - Setting next_dagrun for entrenar_modelo to 2025-03-31T00:00:00+00:00, run_after=2025-04-01T00:00:00+00:00
[2025-04-01T23:32:37.156+0000] {processor.py:179} INFO - Processing /opt/airflow/dags/entrenar_modelo.py took 3.649 seconds
[2025-04-01T23:33:07.910+0000] {processor.py:157} INFO - Started process (PID=302) to work on /opt/airflow/dags/entrenar_modelo.py
[2025-04-01T23:33:07.912+0000] {processor.py:829} INFO - Processing file /opt/airflow/dags/entrenar_modelo.py for tasks to queue
[2025-04-01T23:33:07.917+0000] {logging_mixin.py:151} INFO - [2025-04-01T23:33:07.917+0000] {dagbag.py:539} INFO - Filling up the DagBag from /opt/airflow/dags/entrenar_modelo.py
[2025-04-01T23:33:11.510+0000] {processor.py:839} INFO - DAG(s) dict_keys(['entrenar_modelo']) retrieved from /opt/airflow/dags/entrenar_modelo.py
[2025-04-01T23:33:11.562+0000] {logging_mixin.py:151} INFO - [2025-04-01T23:33:11.561+0000] {dag.py:2907} INFO - Sync 1 DAGs
[2025-04-01T23:33:11.595+0000] {logging_mixin.py:151} INFO - [2025-04-01T23:33:11.594+0000] {dag.py:3677} INFO - Setting next_dagrun for entrenar_modelo to 2025-03-31T00:00:00+00:00, run_after=2025-04-01T00:00:00+00:00
[2025-04-01T23:33:11.621+0000] {processor.py:179} INFO - Processing /opt/airflow/dags/entrenar_modelo.py took 3.720 seconds
[2025-04-01T23:33:42.310+0000] {processor.py:157} INFO - Started process (PID=308) to work on /opt/airflow/dags/entrenar_modelo.py
[2025-04-01T23:33:42.313+0000] {processor.py:829} INFO - Processing file /opt/airflow/dags/entrenar_modelo.py for tasks to queue
[2025-04-01T23:33:42.317+0000] {logging_mixin.py:151} INFO - [2025-04-01T23:33:42.316+0000] {dagbag.py:539} INFO - Filling up the DagBag from /opt/airflow/dags/entrenar_modelo.py
[2025-04-01T23:33:46.065+0000] {processor.py:839} INFO - DAG(s) dict_keys(['entrenar_modelo']) retrieved from /opt/airflow/dags/entrenar_modelo.py
[2025-04-01T23:33:46.119+0000] {logging_mixin.py:151} INFO - [2025-04-01T23:33:46.118+0000] {dag.py:2907} INFO - Sync 1 DAGs
[2025-04-01T23:33:46.202+0000] {logging_mixin.py:151} INFO - [2025-04-01T23:33:46.201+0000] {dag.py:3677} INFO - Setting next_dagrun for entrenar_modelo to 2025-03-31T00:00:00+00:00, run_after=2025-04-01T00:00:00+00:00
[2025-04-01T23:33:46.231+0000] {processor.py:179} INFO - Processing /opt/airflow/dags/entrenar_modelo.py took 3.929 seconds
[2025-04-01T23:34:16.984+0000] {processor.py:157} INFO - Started process (PID=315) to work on /opt/airflow/dags/entrenar_modelo.py
[2025-04-01T23:34:16.987+0000] {processor.py:829} INFO - Processing file /opt/airflow/dags/entrenar_modelo.py for tasks to queue
[2025-04-01T23:34:16.992+0000] {logging_mixin.py:151} INFO - [2025-04-01T23:34:16.991+0000] {dagbag.py:539} INFO - Filling up the DagBag from /opt/airflow/dags/entrenar_modelo.py
[2025-04-01T23:34:20.784+0000] {processor.py:839} INFO - DAG(s) dict_keys(['entrenar_modelo']) retrieved from /opt/airflow/dags/entrenar_modelo.py
[2025-04-01T23:34:20.823+0000] {logging_mixin.py:151} INFO - [2025-04-01T23:34:20.822+0000] {dag.py:2907} INFO - Sync 1 DAGs
[2025-04-01T23:34:20.855+0000] {logging_mixin.py:151} INFO - [2025-04-01T23:34:20.855+0000] {dag.py:3677} INFO - Setting next_dagrun for entrenar_modelo to 2025-03-31T00:00:00+00:00, run_after=2025-04-01T00:00:00+00:00
[2025-04-01T23:34:20.885+0000] {processor.py:179} INFO - Processing /opt/airflow/dags/entrenar_modelo.py took 3.910 seconds
[2025-04-01T23:34:51.529+0000] {processor.py:157} INFO - Started process (PID=321) to work on /opt/airflow/dags/entrenar_modelo.py
[2025-04-01T23:34:51.532+0000] {processor.py:829} INFO - Processing file /opt/airflow/dags/entrenar_modelo.py for tasks to queue
[2025-04-01T23:34:51.537+0000] {logging_mixin.py:151} INFO - [2025-04-01T23:34:51.537+0000] {dagbag.py:539} INFO - Filling up the DagBag from /opt/airflow/dags/entrenar_modelo.py
[2025-04-01T23:34:55.105+0000] {processor.py:839} INFO - DAG(s) dict_keys(['entrenar_modelo']) retrieved from /opt/airflow/dags/entrenar_modelo.py
[2025-04-01T23:34:55.144+0000] {logging_mixin.py:151} INFO - [2025-04-01T23:34:55.143+0000] {dag.py:2907} INFO - Sync 1 DAGs
[2025-04-01T23:34:55.176+0000] {logging_mixin.py:151} INFO - [2025-04-01T23:34:55.175+0000] {dag.py:3677} INFO - Setting next_dagrun for entrenar_modelo to 2025-03-31T00:00:00+00:00, run_after=2025-04-01T00:00:00+00:00
[2025-04-01T23:34:55.199+0000] {processor.py:179} INFO - Processing /opt/airflow/dags/entrenar_modelo.py took 3.678 seconds
[2025-04-01T23:35:25.947+0000] {processor.py:157} INFO - Started process (PID=327) to work on /opt/airflow/dags/entrenar_modelo.py
[2025-04-01T23:35:25.951+0000] {processor.py:829} INFO - Processing file /opt/airflow/dags/entrenar_modelo.py for tasks to queue
[2025-04-01T23:35:25.958+0000] {logging_mixin.py:151} INFO - [2025-04-01T23:35:25.957+0000] {dagbag.py:539} INFO - Filling up the DagBag from /opt/airflow/dags/entrenar_modelo.py
[2025-04-01T23:35:29.557+0000] {processor.py:839} INFO - DAG(s) dict_keys(['entrenar_modelo']) retrieved from /opt/airflow/dags/entrenar_modelo.py
[2025-04-01T23:35:29.597+0000] {logging_mixin.py:151} INFO - [2025-04-01T23:35:29.596+0000] {dag.py:2907} INFO - Sync 1 DAGs
[2025-04-01T23:35:29.628+0000] {logging_mixin.py:151} INFO - [2025-04-01T23:35:29.628+0000] {dag.py:3677} INFO - Setting next_dagrun for entrenar_modelo to 2025-03-31T00:00:00+00:00, run_after=2025-04-01T00:00:00+00:00
[2025-04-01T23:35:29.652+0000] {processor.py:179} INFO - Processing /opt/airflow/dags/entrenar_modelo.py took 3.714 seconds
[2025-04-01T23:36:00.348+0000] {processor.py:157} INFO - Started process (PID=333) to work on /opt/airflow/dags/entrenar_modelo.py
[2025-04-01T23:36:00.350+0000] {processor.py:829} INFO - Processing file /opt/airflow/dags/entrenar_modelo.py for tasks to queue
[2025-04-01T23:36:00.355+0000] {logging_mixin.py:151} INFO - [2025-04-01T23:36:00.354+0000] {dagbag.py:539} INFO - Filling up the DagBag from /opt/airflow/dags/entrenar_modelo.py
[2025-04-01T23:36:03.925+0000] {processor.py:839} INFO - DAG(s) dict_keys(['entrenar_modelo']) retrieved from /opt/airflow/dags/entrenar_modelo.py
[2025-04-01T23:36:03.971+0000] {logging_mixin.py:151} INFO - [2025-04-01T23:36:03.970+0000] {dag.py:2907} INFO - Sync 1 DAGs
[2025-04-01T23:36:04.016+0000] {logging_mixin.py:151} INFO - [2025-04-01T23:36:04.015+0000] {dag.py:3677} INFO - Setting next_dagrun for entrenar_modelo to 2025-03-31T00:00:00+00:00, run_after=2025-04-01T00:00:00+00:00
[2025-04-01T23:36:04.047+0000] {processor.py:179} INFO - Processing /opt/airflow/dags/entrenar_modelo.py took 3.707 seconds
[2025-04-01T23:36:34.786+0000] {processor.py:157} INFO - Started process (PID=339) to work on /opt/airflow/dags/entrenar_modelo.py
[2025-04-01T23:36:34.788+0000] {processor.py:829} INFO - Processing file /opt/airflow/dags/entrenar_modelo.py for tasks to queue
[2025-04-01T23:36:34.793+0000] {logging_mixin.py:151} INFO - [2025-04-01T23:36:34.793+0000] {dagbag.py:539} INFO - Filling up the DagBag from /opt/airflow/dags/entrenar_modelo.py
[2025-04-01T23:36:38.389+0000] {processor.py:839} INFO - DAG(s) dict_keys(['entrenar_modelo']) retrieved from /opt/airflow/dags/entrenar_modelo.py
[2025-04-01T23:36:38.424+0000] {logging_mixin.py:151} INFO - [2025-04-01T23:36:38.423+0000] {dag.py:2907} INFO - Sync 1 DAGs
[2025-04-01T23:36:38.462+0000] {logging_mixin.py:151} INFO - [2025-04-01T23:36:38.461+0000] {dag.py:3677} INFO - Setting next_dagrun for entrenar_modelo to 2025-03-31T00:00:00+00:00, run_after=2025-04-01T00:00:00+00:00
[2025-04-01T23:36:38.493+0000] {processor.py:179} INFO - Processing /opt/airflow/dags/entrenar_modelo.py took 3.714 seconds
[2025-04-01T23:37:09.248+0000] {processor.py:157} INFO - Started process (PID=345) to work on /opt/airflow/dags/entrenar_modelo.py
[2025-04-01T23:37:09.251+0000] {processor.py:829} INFO - Processing file /opt/airflow/dags/entrenar_modelo.py for tasks to queue
[2025-04-01T23:37:09.257+0000] {logging_mixin.py:151} INFO - [2025-04-01T23:37:09.257+0000] {dagbag.py:539} INFO - Filling up the DagBag from /opt/airflow/dags/entrenar_modelo.py
[2025-04-01T23:37:12.892+0000] {processor.py:839} INFO - DAG(s) dict_keys(['entrenar_modelo']) retrieved from /opt/airflow/dags/entrenar_modelo.py
[2025-04-01T23:37:12.932+0000] {logging_mixin.py:151} INFO - [2025-04-01T23:37:12.931+0000] {dag.py:2907} INFO - Sync 1 DAGs
[2025-04-01T23:37:12.969+0000] {logging_mixin.py:151} INFO - [2025-04-01T23:37:12.968+0000] {dag.py:3677} INFO - Setting next_dagrun for entrenar_modelo to 2025-03-31T00:00:00+00:00, run_after=2025-04-01T00:00:00+00:00
[2025-04-01T23:37:12.997+0000] {processor.py:179} INFO - Processing /opt/airflow/dags/entrenar_modelo.py took 3.757 seconds
[2025-04-01T23:37:43.692+0000] {processor.py:157} INFO - Started process (PID=351) to work on /opt/airflow/dags/entrenar_modelo.py
[2025-04-01T23:37:43.694+0000] {processor.py:829} INFO - Processing file /opt/airflow/dags/entrenar_modelo.py for tasks to queue
[2025-04-01T23:37:43.702+0000] {logging_mixin.py:151} INFO - [2025-04-01T23:37:43.701+0000] {dagbag.py:539} INFO - Filling up the DagBag from /opt/airflow/dags/entrenar_modelo.py
[2025-04-01T23:37:47.303+0000] {processor.py:839} INFO - DAG(s) dict_keys(['entrenar_modelo']) retrieved from /opt/airflow/dags/entrenar_modelo.py
[2025-04-01T23:37:47.351+0000] {logging_mixin.py:151} INFO - [2025-04-01T23:37:47.350+0000] {dag.py:2907} INFO - Sync 1 DAGs
[2025-04-01T23:37:47.388+0000] {logging_mixin.py:151} INFO - [2025-04-01T23:37:47.388+0000] {dag.py:3677} INFO - Setting next_dagrun for entrenar_modelo to 2025-03-31T00:00:00+00:00, run_after=2025-04-01T00:00:00+00:00
[2025-04-01T23:37:47.414+0000] {processor.py:179} INFO - Processing /opt/airflow/dags/entrenar_modelo.py took 3.731 seconds
[2025-04-01T23:38:18.149+0000] {processor.py:157} INFO - Started process (PID=357) to work on /opt/airflow/dags/entrenar_modelo.py
[2025-04-01T23:38:18.152+0000] {processor.py:829} INFO - Processing file /opt/airflow/dags/entrenar_modelo.py for tasks to queue
[2025-04-01T23:38:18.159+0000] {logging_mixin.py:151} INFO - [2025-04-01T23:38:18.158+0000] {dagbag.py:539} INFO - Filling up the DagBag from /opt/airflow/dags/entrenar_modelo.py
[2025-04-01T23:38:21.709+0000] {processor.py:839} INFO - DAG(s) dict_keys(['entrenar_modelo']) retrieved from /opt/airflow/dags/entrenar_modelo.py
[2025-04-01T23:38:21.745+0000] {logging_mixin.py:151} INFO - [2025-04-01T23:38:21.744+0000] {dag.py:2907} INFO - Sync 1 DAGs
[2025-04-01T23:38:21.775+0000] {logging_mixin.py:151} INFO - [2025-04-01T23:38:21.775+0000] {dag.py:3677} INFO - Setting next_dagrun for entrenar_modelo to 2025-03-31T00:00:00+00:00, run_after=2025-04-01T00:00:00+00:00
[2025-04-01T23:38:21.798+0000] {processor.py:179} INFO - Processing /opt/airflow/dags/entrenar_modelo.py took 3.657 seconds
[2025-04-01T23:38:52.066+0000] {processor.py:157} INFO - Started process (PID=364) to work on /opt/airflow/dags/entrenar_modelo.py
[2025-04-01T23:38:52.071+0000] {processor.py:829} INFO - Processing file /opt/airflow/dags/entrenar_modelo.py for tasks to queue
[2025-04-01T23:38:52.077+0000] {logging_mixin.py:151} INFO - [2025-04-01T23:38:52.076+0000] {dagbag.py:539} INFO - Filling up the DagBag from /opt/airflow/dags/entrenar_modelo.py
[2025-04-01T23:38:55.679+0000] {processor.py:839} INFO - DAG(s) dict_keys(['entrenar_modelo']) retrieved from /opt/airflow/dags/entrenar_modelo.py
[2025-04-01T23:38:55.716+0000] {logging_mixin.py:151} INFO - [2025-04-01T23:38:55.716+0000] {dag.py:2907} INFO - Sync 1 DAGs
[2025-04-01T23:38:55.748+0000] {logging_mixin.py:151} INFO - [2025-04-01T23:38:55.747+0000] {dag.py:3677} INFO - Setting next_dagrun for entrenar_modelo to 2025-03-31T00:00:00+00:00, run_after=2025-04-01T00:00:00+00:00
[2025-04-01T23:38:55.772+0000] {processor.py:179} INFO - Processing /opt/airflow/dags/entrenar_modelo.py took 3.714 seconds
[2025-04-01T23:39:26.395+0000] {processor.py:157} INFO - Started process (PID=370) to work on /opt/airflow/dags/entrenar_modelo.py
[2025-04-01T23:39:26.398+0000] {processor.py:829} INFO - Processing file /opt/airflow/dags/entrenar_modelo.py for tasks to queue
[2025-04-01T23:39:26.403+0000] {logging_mixin.py:151} INFO - [2025-04-01T23:39:26.402+0000] {dagbag.py:539} INFO - Filling up the DagBag from /opt/airflow/dags/entrenar_modelo.py
[2025-04-01T23:39:30.070+0000] {processor.py:839} INFO - DAG(s) dict_keys(['entrenar_modelo']) retrieved from /opt/airflow/dags/entrenar_modelo.py
[2025-04-01T23:39:30.115+0000] {logging_mixin.py:151} INFO - [2025-04-01T23:39:30.114+0000] {dag.py:2907} INFO - Sync 1 DAGs
[2025-04-01T23:39:30.149+0000] {logging_mixin.py:151} INFO - [2025-04-01T23:39:30.148+0000] {dag.py:3677} INFO - Setting next_dagrun for entrenar_modelo to 2025-03-31T00:00:00+00:00, run_after=2025-04-01T00:00:00+00:00
[2025-04-01T23:39:30.173+0000] {processor.py:179} INFO - Processing /opt/airflow/dags/entrenar_modelo.py took 3.786 seconds
[2025-04-01T23:40:00.827+0000] {processor.py:157} INFO - Started process (PID=376) to work on /opt/airflow/dags/entrenar_modelo.py
[2025-04-01T23:40:00.829+0000] {processor.py:829} INFO - Processing file /opt/airflow/dags/entrenar_modelo.py for tasks to queue
[2025-04-01T23:40:00.834+0000] {logging_mixin.py:151} INFO - [2025-04-01T23:40:00.834+0000] {dagbag.py:539} INFO - Filling up the DagBag from /opt/airflow/dags/entrenar_modelo.py
[2025-04-01T23:40:04.476+0000] {processor.py:839} INFO - DAG(s) dict_keys(['entrenar_modelo']) retrieved from /opt/airflow/dags/entrenar_modelo.py
[2025-04-01T23:40:04.513+0000] {logging_mixin.py:151} INFO - [2025-04-01T23:40:04.512+0000] {dag.py:2907} INFO - Sync 1 DAGs
[2025-04-01T23:40:04.543+0000] {logging_mixin.py:151} INFO - [2025-04-01T23:40:04.543+0000] {dag.py:3677} INFO - Setting next_dagrun for entrenar_modelo to 2025-03-31T00:00:00+00:00, run_after=2025-04-01T00:00:00+00:00
[2025-04-01T23:40:04.575+0000] {processor.py:179} INFO - Processing /opt/airflow/dags/entrenar_modelo.py took 3.757 seconds
[2025-04-01T23:40:35.264+0000] {processor.py:157} INFO - Started process (PID=382) to work on /opt/airflow/dags/entrenar_modelo.py
[2025-04-01T23:40:35.267+0000] {processor.py:829} INFO - Processing file /opt/airflow/dags/entrenar_modelo.py for tasks to queue
[2025-04-01T23:40:35.272+0000] {logging_mixin.py:151} INFO - [2025-04-01T23:40:35.271+0000] {dagbag.py:539} INFO - Filling up the DagBag from /opt/airflow/dags/entrenar_modelo.py
[2025-04-01T23:40:38.882+0000] {processor.py:839} INFO - DAG(s) dict_keys(['entrenar_modelo']) retrieved from /opt/airflow/dags/entrenar_modelo.py
[2025-04-01T23:40:38.921+0000] {logging_mixin.py:151} INFO - [2025-04-01T23:40:38.920+0000] {dag.py:2907} INFO - Sync 1 DAGs
[2025-04-01T23:40:38.954+0000] {logging_mixin.py:151} INFO - [2025-04-01T23:40:38.954+0000] {dag.py:3677} INFO - Setting next_dagrun for entrenar_modelo to 2025-03-31T00:00:00+00:00, run_after=2025-04-01T00:00:00+00:00
[2025-04-01T23:40:38.982+0000] {processor.py:179} INFO - Processing /opt/airflow/dags/entrenar_modelo.py took 3.727 seconds
[2025-04-01T23:41:09.707+0000] {processor.py:157} INFO - Started process (PID=388) to work on /opt/airflow/dags/entrenar_modelo.py
[2025-04-01T23:41:09.710+0000] {processor.py:829} INFO - Processing file /opt/airflow/dags/entrenar_modelo.py for tasks to queue
[2025-04-01T23:41:09.717+0000] {logging_mixin.py:151} INFO - [2025-04-01T23:41:09.715+0000] {dagbag.py:539} INFO - Filling up the DagBag from /opt/airflow/dags/entrenar_modelo.py
[2025-04-01T23:41:13.456+0000] {processor.py:839} INFO - DAG(s) dict_keys(['entrenar_modelo']) retrieved from /opt/airflow/dags/entrenar_modelo.py
[2025-04-01T23:41:13.492+0000] {logging_mixin.py:151} INFO - [2025-04-01T23:41:13.491+0000] {dag.py:2907} INFO - Sync 1 DAGs
[2025-04-01T23:41:13.523+0000] {logging_mixin.py:151} INFO - [2025-04-01T23:41:13.523+0000] {dag.py:3677} INFO - Setting next_dagrun for entrenar_modelo to 2025-03-31T00:00:00+00:00, run_after=2025-04-01T00:00:00+00:00
[2025-04-01T23:41:13.550+0000] {processor.py:179} INFO - Processing /opt/airflow/dags/entrenar_modelo.py took 3.853 seconds
[2025-04-01T23:41:44.155+0000] {processor.py:157} INFO - Started process (PID=394) to work on /opt/airflow/dags/entrenar_modelo.py
[2025-04-01T23:41:44.158+0000] {processor.py:829} INFO - Processing file /opt/airflow/dags/entrenar_modelo.py for tasks to queue
[2025-04-01T23:41:44.165+0000] {logging_mixin.py:151} INFO - [2025-04-01T23:41:44.165+0000] {dagbag.py:539} INFO - Filling up the DagBag from /opt/airflow/dags/entrenar_modelo.py
[2025-04-01T23:41:47.763+0000] {processor.py:839} INFO - DAG(s) dict_keys(['entrenar_modelo']) retrieved from /opt/airflow/dags/entrenar_modelo.py
[2025-04-01T23:41:47.814+0000] {logging_mixin.py:151} INFO - [2025-04-01T23:41:47.813+0000] {dag.py:2907} INFO - Sync 1 DAGs
[2025-04-01T23:41:47.858+0000] {logging_mixin.py:151} INFO - [2025-04-01T23:41:47.858+0000] {dag.py:3677} INFO - Setting next_dagrun for entrenar_modelo to 2025-03-31T00:00:00+00:00, run_after=2025-04-01T00:00:00+00:00
[2025-04-01T23:41:47.888+0000] {processor.py:179} INFO - Processing /opt/airflow/dags/entrenar_modelo.py took 3.743 seconds
[2025-04-01T23:42:18.609+0000] {processor.py:157} INFO - Started process (PID=400) to work on /opt/airflow/dags/entrenar_modelo.py
[2025-04-01T23:42:18.611+0000] {processor.py:829} INFO - Processing file /opt/airflow/dags/entrenar_modelo.py for tasks to queue
[2025-04-01T23:42:18.616+0000] {logging_mixin.py:151} INFO - [2025-04-01T23:42:18.615+0000] {dagbag.py:539} INFO - Filling up the DagBag from /opt/airflow/dags/entrenar_modelo.py
[2025-04-01T23:42:22.206+0000] {processor.py:839} INFO - DAG(s) dict_keys(['entrenar_modelo']) retrieved from /opt/airflow/dags/entrenar_modelo.py
[2025-04-01T23:42:22.249+0000] {logging_mixin.py:151} INFO - [2025-04-01T23:42:22.248+0000] {dag.py:2907} INFO - Sync 1 DAGs
[2025-04-01T23:42:22.288+0000] {logging_mixin.py:151} INFO - [2025-04-01T23:42:22.287+0000] {dag.py:3677} INFO - Setting next_dagrun for entrenar_modelo to 2025-03-31T00:00:00+00:00, run_after=2025-04-01T00:00:00+00:00
[2025-04-01T23:42:22.318+0000] {processor.py:179} INFO - Processing /opt/airflow/dags/entrenar_modelo.py took 3.719 seconds
[2025-04-01T23:42:53.071+0000] {processor.py:157} INFO - Started process (PID=407) to work on /opt/airflow/dags/entrenar_modelo.py
[2025-04-01T23:42:53.073+0000] {processor.py:829} INFO - Processing file /opt/airflow/dags/entrenar_modelo.py for tasks to queue
[2025-04-01T23:42:53.078+0000] {logging_mixin.py:151} INFO - [2025-04-01T23:42:53.078+0000] {dagbag.py:539} INFO - Filling up the DagBag from /opt/airflow/dags/entrenar_modelo.py
[2025-04-01T23:42:56.639+0000] {processor.py:839} INFO - DAG(s) dict_keys(['entrenar_modelo']) retrieved from /opt/airflow/dags/entrenar_modelo.py
[2025-04-01T23:42:56.680+0000] {logging_mixin.py:151} INFO - [2025-04-01T23:42:56.679+0000] {dag.py:2907} INFO - Sync 1 DAGs
[2025-04-01T23:42:56.716+0000] {logging_mixin.py:151} INFO - [2025-04-01T23:42:56.715+0000] {dag.py:3677} INFO - Setting next_dagrun for entrenar_modelo to 2025-03-31T00:00:00+00:00, run_after=2025-04-01T00:00:00+00:00
[2025-04-01T23:42:56.745+0000] {processor.py:179} INFO - Processing /opt/airflow/dags/entrenar_modelo.py took 3.682 seconds
[2025-04-01T23:43:27.473+0000] {processor.py:157} INFO - Started process (PID=413) to work on /opt/airflow/dags/entrenar_modelo.py
[2025-04-01T23:43:27.475+0000] {processor.py:829} INFO - Processing file /opt/airflow/dags/entrenar_modelo.py for tasks to queue
[2025-04-01T23:43:27.483+0000] {logging_mixin.py:151} INFO - [2025-04-01T23:43:27.482+0000] {dagbag.py:539} INFO - Filling up the DagBag from /opt/airflow/dags/entrenar_modelo.py
[2025-04-01T23:43:31.050+0000] {processor.py:839} INFO - DAG(s) dict_keys(['entrenar_modelo']) retrieved from /opt/airflow/dags/entrenar_modelo.py
[2025-04-01T23:43:31.089+0000] {logging_mixin.py:151} INFO - [2025-04-01T23:43:31.088+0000] {dag.py:2907} INFO - Sync 1 DAGs
[2025-04-01T23:43:31.120+0000] {logging_mixin.py:151} INFO - [2025-04-01T23:43:31.119+0000] {dag.py:3677} INFO - Setting next_dagrun for entrenar_modelo to 2025-03-31T00:00:00+00:00, run_after=2025-04-01T00:00:00+00:00
[2025-04-01T23:43:31.148+0000] {processor.py:179} INFO - Processing /opt/airflow/dags/entrenar_modelo.py took 3.683 seconds
[2025-04-01T23:44:01.903+0000] {processor.py:157} INFO - Started process (PID=419) to work on /opt/airflow/dags/entrenar_modelo.py
[2025-04-01T23:44:01.905+0000] {processor.py:829} INFO - Processing file /opt/airflow/dags/entrenar_modelo.py for tasks to queue
[2025-04-01T23:44:01.911+0000] {logging_mixin.py:151} INFO - [2025-04-01T23:44:01.910+0000] {dagbag.py:539} INFO - Filling up the DagBag from /opt/airflow/dags/entrenar_modelo.py
[2025-04-01T23:44:05.644+0000] {processor.py:839} INFO - DAG(s) dict_keys(['entrenar_modelo']) retrieved from /opt/airflow/dags/entrenar_modelo.py
[2025-04-01T23:44:05.682+0000] {logging_mixin.py:151} INFO - [2025-04-01T23:44:05.681+0000] {dag.py:2907} INFO - Sync 1 DAGs
[2025-04-01T23:44:05.713+0000] {logging_mixin.py:151} INFO - [2025-04-01T23:44:05.712+0000] {dag.py:3677} INFO - Setting next_dagrun for entrenar_modelo to 2025-03-31T00:00:00+00:00, run_after=2025-04-01T00:00:00+00:00
[2025-04-01T23:44:05.750+0000] {processor.py:179} INFO - Processing /opt/airflow/dags/entrenar_modelo.py took 3.856 seconds
[2025-04-01T23:44:36.335+0000] {processor.py:157} INFO - Started process (PID=425) to work on /opt/airflow/dags/entrenar_modelo.py
[2025-04-01T23:44:36.338+0000] {processor.py:829} INFO - Processing file /opt/airflow/dags/entrenar_modelo.py for tasks to queue
[2025-04-01T23:44:36.344+0000] {logging_mixin.py:151} INFO - [2025-04-01T23:44:36.343+0000] {dagbag.py:539} INFO - Filling up the DagBag from /opt/airflow/dags/entrenar_modelo.py
[2025-04-01T23:44:39.972+0000] {processor.py:839} INFO - DAG(s) dict_keys(['entrenar_modelo']) retrieved from /opt/airflow/dags/entrenar_modelo.py
[2025-04-01T23:44:40.023+0000] {logging_mixin.py:151} INFO - [2025-04-01T23:44:40.022+0000] {dag.py:2907} INFO - Sync 1 DAGs
[2025-04-01T23:44:40.058+0000] {logging_mixin.py:151} INFO - [2025-04-01T23:44:40.057+0000] {dag.py:3677} INFO - Setting next_dagrun for entrenar_modelo to 2025-03-31T00:00:00+00:00, run_after=2025-04-01T00:00:00+00:00
[2025-04-01T23:44:40.081+0000] {processor.py:179} INFO - Processing /opt/airflow/dags/entrenar_modelo.py took 3.755 seconds
[2025-04-01T23:45:10.735+0000] {processor.py:157} INFO - Started process (PID=431) to work on /opt/airflow/dags/entrenar_modelo.py
[2025-04-01T23:45:10.737+0000] {processor.py:829} INFO - Processing file /opt/airflow/dags/entrenar_modelo.py for tasks to queue
[2025-04-01T23:45:10.744+0000] {logging_mixin.py:151} INFO - [2025-04-01T23:45:10.744+0000] {dagbag.py:539} INFO - Filling up the DagBag from /opt/airflow/dags/entrenar_modelo.py
[2025-04-01T23:45:14.609+0000] {processor.py:839} INFO - DAG(s) dict_keys(['entrenar_modelo']) retrieved from /opt/airflow/dags/entrenar_modelo.py
[2025-04-01T23:45:14.659+0000] {logging_mixin.py:151} INFO - [2025-04-01T23:45:14.658+0000] {dag.py:2907} INFO - Sync 1 DAGs
[2025-04-01T23:45:14.702+0000] {logging_mixin.py:151} INFO - [2025-04-01T23:45:14.702+0000] {dag.py:3677} INFO - Setting next_dagrun for entrenar_modelo to 2025-03-31T00:00:00+00:00, run_after=2025-04-01T00:00:00+00:00
[2025-04-01T23:45:14.728+0000] {processor.py:179} INFO - Processing /opt/airflow/dags/entrenar_modelo.py took 4.001 seconds
[2025-04-01T23:45:45.017+0000] {processor.py:157} INFO - Started process (PID=437) to work on /opt/airflow/dags/entrenar_modelo.py
[2025-04-01T23:45:45.020+0000] {processor.py:829} INFO - Processing file /opt/airflow/dags/entrenar_modelo.py for tasks to queue
[2025-04-01T23:45:45.025+0000] {logging_mixin.py:151} INFO - [2025-04-01T23:45:45.024+0000] {dagbag.py:539} INFO - Filling up the DagBag from /opt/airflow/dags/entrenar_modelo.py
[2025-04-01T23:45:48.865+0000] {processor.py:839} INFO - DAG(s) dict_keys(['entrenar_modelo']) retrieved from /opt/airflow/dags/entrenar_modelo.py
[2025-04-01T23:45:48.905+0000] {logging_mixin.py:151} INFO - [2025-04-01T23:45:48.904+0000] {dag.py:2907} INFO - Sync 1 DAGs
[2025-04-01T23:45:48.941+0000] {logging_mixin.py:151} INFO - [2025-04-01T23:45:48.940+0000] {dag.py:3677} INFO - Setting next_dagrun for entrenar_modelo to 2025-03-31T00:00:00+00:00, run_after=2025-04-01T00:00:00+00:00
[2025-04-01T23:45:48.975+0000] {processor.py:179} INFO - Processing /opt/airflow/dags/entrenar_modelo.py took 3.966 seconds
[2025-04-01T23:46:19.254+0000] {processor.py:157} INFO - Started process (PID=443) to work on /opt/airflow/dags/entrenar_modelo.py
[2025-04-01T23:46:19.255+0000] {processor.py:829} INFO - Processing file /opt/airflow/dags/entrenar_modelo.py for tasks to queue
[2025-04-01T23:46:19.260+0000] {logging_mixin.py:151} INFO - [2025-04-01T23:46:19.260+0000] {dagbag.py:539} INFO - Filling up the DagBag from /opt/airflow/dags/entrenar_modelo.py
[2025-04-01T23:46:22.934+0000] {processor.py:839} INFO - DAG(s) dict_keys(['entrenar_modelo']) retrieved from /opt/airflow/dags/entrenar_modelo.py
[2025-04-01T23:46:22.996+0000] {logging_mixin.py:151} INFO - [2025-04-01T23:46:22.995+0000] {dag.py:2907} INFO - Sync 1 DAGs
[2025-04-01T23:46:23.031+0000] {logging_mixin.py:151} INFO - [2025-04-01T23:46:23.031+0000] {dag.py:3677} INFO - Setting next_dagrun for entrenar_modelo to 2025-03-31T00:00:00+00:00, run_after=2025-04-01T00:00:00+00:00
[2025-04-01T23:46:23.054+0000] {processor.py:179} INFO - Processing /opt/airflow/dags/entrenar_modelo.py took 3.811 seconds
[2025-04-01T23:46:53.703+0000] {processor.py:157} INFO - Started process (PID=449) to work on /opt/airflow/dags/entrenar_modelo.py
[2025-04-01T23:46:53.706+0000] {processor.py:829} INFO - Processing file /opt/airflow/dags/entrenar_modelo.py for tasks to queue
[2025-04-01T23:46:53.711+0000] {logging_mixin.py:151} INFO - [2025-04-01T23:46:53.710+0000] {dagbag.py:539} INFO - Filling up the DagBag from /opt/airflow/dags/entrenar_modelo.py
[2025-04-01T23:46:57.376+0000] {processor.py:839} INFO - DAG(s) dict_keys(['entrenar_modelo']) retrieved from /opt/airflow/dags/entrenar_modelo.py
[2025-04-01T23:46:57.416+0000] {logging_mixin.py:151} INFO - [2025-04-01T23:46:57.415+0000] {dag.py:2907} INFO - Sync 1 DAGs
[2025-04-01T23:46:57.449+0000] {logging_mixin.py:151} INFO - [2025-04-01T23:46:57.449+0000] {dag.py:3677} INFO - Setting next_dagrun for entrenar_modelo to 2025-03-31T00:00:00+00:00, run_after=2025-04-01T00:00:00+00:00
[2025-04-01T23:46:57.475+0000] {processor.py:179} INFO - Processing /opt/airflow/dags/entrenar_modelo.py took 3.781 seconds
[2025-04-01T23:47:27.655+0000] {processor.py:157} INFO - Started process (PID=456) to work on /opt/airflow/dags/entrenar_modelo.py
[2025-04-01T23:47:27.657+0000] {processor.py:829} INFO - Processing file /opt/airflow/dags/entrenar_modelo.py for tasks to queue
[2025-04-01T23:47:27.664+0000] {logging_mixin.py:151} INFO - [2025-04-01T23:47:27.663+0000] {dagbag.py:539} INFO - Filling up the DagBag from /opt/airflow/dags/entrenar_modelo.py
[2025-04-01T23:47:31.242+0000] {processor.py:839} INFO - DAG(s) dict_keys(['entrenar_modelo']) retrieved from /opt/airflow/dags/entrenar_modelo.py
[2025-04-01T23:47:31.279+0000] {logging_mixin.py:151} INFO - [2025-04-01T23:47:31.278+0000] {dag.py:2907} INFO - Sync 1 DAGs
[2025-04-01T23:47:31.314+0000] {logging_mixin.py:151} INFO - [2025-04-01T23:47:31.314+0000] {dag.py:3677} INFO - Setting next_dagrun for entrenar_modelo to 2025-03-31T00:00:00+00:00, run_after=2025-04-01T00:00:00+00:00
[2025-04-01T23:47:31.339+0000] {processor.py:179} INFO - Processing /opt/airflow/dags/entrenar_modelo.py took 3.693 seconds
[2025-04-01T23:48:01.856+0000] {processor.py:157} INFO - Started process (PID=462) to work on /opt/airflow/dags/entrenar_modelo.py
[2025-04-01T23:48:01.859+0000] {processor.py:829} INFO - Processing file /opt/airflow/dags/entrenar_modelo.py for tasks to queue
[2025-04-01T23:48:01.864+0000] {logging_mixin.py:151} INFO - [2025-04-01T23:48:01.863+0000] {dagbag.py:539} INFO - Filling up the DagBag from /opt/airflow/dags/entrenar_modelo.py
[2025-04-01T23:48:05.355+0000] {processor.py:839} INFO - DAG(s) dict_keys(['entrenar_modelo']) retrieved from /opt/airflow/dags/entrenar_modelo.py
[2025-04-01T23:48:05.392+0000] {logging_mixin.py:151} INFO - [2025-04-01T23:48:05.391+0000] {dag.py:2907} INFO - Sync 1 DAGs
[2025-04-01T23:48:05.426+0000] {logging_mixin.py:151} INFO - [2025-04-01T23:48:05.426+0000] {dag.py:3677} INFO - Setting next_dagrun for entrenar_modelo to 2025-03-31T00:00:00+00:00, run_after=2025-04-01T00:00:00+00:00
[2025-04-01T23:48:05.449+0000] {processor.py:179} INFO - Processing /opt/airflow/dags/entrenar_modelo.py took 3.601 seconds
[2025-04-01T23:48:36.262+0000] {processor.py:157} INFO - Started process (PID=468) to work on /opt/airflow/dags/entrenar_modelo.py
[2025-04-01T23:48:36.264+0000] {processor.py:829} INFO - Processing file /opt/airflow/dags/entrenar_modelo.py for tasks to queue
[2025-04-01T23:48:36.269+0000] {logging_mixin.py:151} INFO - [2025-04-01T23:48:36.268+0000] {dagbag.py:539} INFO - Filling up the DagBag from /opt/airflow/dags/entrenar_modelo.py
[2025-04-01T23:48:39.753+0000] {processor.py:839} INFO - DAG(s) dict_keys(['entrenar_modelo']) retrieved from /opt/airflow/dags/entrenar_modelo.py
[2025-04-01T23:48:39.790+0000] {logging_mixin.py:151} INFO - [2025-04-01T23:48:39.789+0000] {dag.py:2907} INFO - Sync 1 DAGs
[2025-04-01T23:48:39.821+0000] {logging_mixin.py:151} INFO - [2025-04-01T23:48:39.821+0000] {dag.py:3677} INFO - Setting next_dagrun for entrenar_modelo to 2025-03-31T00:00:00+00:00, run_after=2025-04-01T00:00:00+00:00
[2025-04-01T23:48:39.844+0000] {processor.py:179} INFO - Processing /opt/airflow/dags/entrenar_modelo.py took 3.590 seconds
[2025-04-01T23:49:10.670+0000] {processor.py:157} INFO - Started process (PID=474) to work on /opt/airflow/dags/entrenar_modelo.py
[2025-04-01T23:49:10.672+0000] {processor.py:829} INFO - Processing file /opt/airflow/dags/entrenar_modelo.py for tasks to queue
[2025-04-01T23:49:10.676+0000] {logging_mixin.py:151} INFO - [2025-04-01T23:49:10.676+0000] {dagbag.py:539} INFO - Filling up the DagBag from /opt/airflow/dags/entrenar_modelo.py
[2025-04-01T23:49:14.152+0000] {processor.py:839} INFO - DAG(s) dict_keys(['entrenar_modelo']) retrieved from /opt/airflow/dags/entrenar_modelo.py
[2025-04-01T23:49:14.187+0000] {logging_mixin.py:151} INFO - [2025-04-01T23:49:14.186+0000] {dag.py:2907} INFO - Sync 1 DAGs
[2025-04-01T23:49:14.216+0000] {logging_mixin.py:151} INFO - [2025-04-01T23:49:14.216+0000] {dag.py:3677} INFO - Setting next_dagrun for entrenar_modelo to 2025-03-31T00:00:00+00:00, run_after=2025-04-01T00:00:00+00:00
[2025-04-01T23:49:14.237+0000] {processor.py:179} INFO - Processing /opt/airflow/dags/entrenar_modelo.py took 3.575 seconds
[2025-04-01T23:49:45.125+0000] {processor.py:157} INFO - Started process (PID=480) to work on /opt/airflow/dags/entrenar_modelo.py
[2025-04-01T23:49:45.128+0000] {processor.py:829} INFO - Processing file /opt/airflow/dags/entrenar_modelo.py for tasks to queue
[2025-04-01T23:49:45.133+0000] {logging_mixin.py:151} INFO - [2025-04-01T23:49:45.133+0000] {dagbag.py:539} INFO - Filling up the DagBag from /opt/airflow/dags/entrenar_modelo.py
[2025-04-01T23:49:48.625+0000] {processor.py:839} INFO - DAG(s) dict_keys(['entrenar_modelo']) retrieved from /opt/airflow/dags/entrenar_modelo.py
[2025-04-01T23:49:48.661+0000] {logging_mixin.py:151} INFO - [2025-04-01T23:49:48.660+0000] {dag.py:2907} INFO - Sync 1 DAGs
[2025-04-01T23:49:48.692+0000] {logging_mixin.py:151} INFO - [2025-04-01T23:49:48.692+0000] {dag.py:3677} INFO - Setting next_dagrun for entrenar_modelo to 2025-03-31T00:00:00+00:00, run_after=2025-04-01T00:00:00+00:00
[2025-04-01T23:49:48.717+0000] {processor.py:179} INFO - Processing /opt/airflow/dags/entrenar_modelo.py took 3.600 seconds
[2025-04-01T23:50:19.536+0000] {processor.py:157} INFO - Started process (PID=486) to work on /opt/airflow/dags/entrenar_modelo.py
[2025-04-01T23:50:19.538+0000] {processor.py:829} INFO - Processing file /opt/airflow/dags/entrenar_modelo.py for tasks to queue
[2025-04-01T23:50:19.543+0000] {logging_mixin.py:151} INFO - [2025-04-01T23:50:19.542+0000] {dagbag.py:539} INFO - Filling up the DagBag from /opt/airflow/dags/entrenar_modelo.py
[2025-04-01T23:50:22.965+0000] {processor.py:839} INFO - DAG(s) dict_keys(['entrenar_modelo']) retrieved from /opt/airflow/dags/entrenar_modelo.py
[2025-04-01T23:50:23.002+0000] {logging_mixin.py:151} INFO - [2025-04-01T23:50:23.001+0000] {dag.py:2907} INFO - Sync 1 DAGs
[2025-04-01T23:50:23.033+0000] {logging_mixin.py:151} INFO - [2025-04-01T23:50:23.033+0000] {dag.py:3677} INFO - Setting next_dagrun for entrenar_modelo to 2025-03-31T00:00:00+00:00, run_after=2025-04-01T00:00:00+00:00
[2025-04-01T23:50:23.056+0000] {processor.py:179} INFO - Processing /opt/airflow/dags/entrenar_modelo.py took 3.528 seconds
[2025-04-01T23:50:53.937+0000] {processor.py:157} INFO - Started process (PID=492) to work on /opt/airflow/dags/entrenar_modelo.py
[2025-04-01T23:50:53.939+0000] {processor.py:829} INFO - Processing file /opt/airflow/dags/entrenar_modelo.py for tasks to queue
[2025-04-01T23:50:53.944+0000] {logging_mixin.py:151} INFO - [2025-04-01T23:50:53.944+0000] {dagbag.py:539} INFO - Filling up the DagBag from /opt/airflow/dags/entrenar_modelo.py
[2025-04-01T23:50:57.481+0000] {processor.py:839} INFO - DAG(s) dict_keys(['entrenar_modelo']) retrieved from /opt/airflow/dags/entrenar_modelo.py
[2025-04-01T23:50:57.531+0000] {logging_mixin.py:151} INFO - [2025-04-01T23:50:57.530+0000] {dag.py:2907} INFO - Sync 1 DAGs
[2025-04-01T23:50:57.564+0000] {logging_mixin.py:151} INFO - [2025-04-01T23:50:57.564+0000] {dag.py:3677} INFO - Setting next_dagrun for entrenar_modelo to 2025-03-31T00:00:00+00:00, run_after=2025-04-01T00:00:00+00:00
[2025-04-01T23:50:57.591+0000] {processor.py:179} INFO - Processing /opt/airflow/dags/entrenar_modelo.py took 3.661 seconds
[2025-04-01T23:51:28.350+0000] {processor.py:157} INFO - Started process (PID=498) to work on /opt/airflow/dags/entrenar_modelo.py
[2025-04-01T23:51:28.352+0000] {processor.py:829} INFO - Processing file /opt/airflow/dags/entrenar_modelo.py for tasks to queue
[2025-04-01T23:51:28.357+0000] {logging_mixin.py:151} INFO - [2025-04-01T23:51:28.356+0000] {dagbag.py:539} INFO - Filling up the DagBag from /opt/airflow/dags/entrenar_modelo.py
[2025-04-01T23:51:31.984+0000] {processor.py:839} INFO - DAG(s) dict_keys(['entrenar_modelo']) retrieved from /opt/airflow/dags/entrenar_modelo.py
[2025-04-01T23:51:32.036+0000] {logging_mixin.py:151} INFO - [2025-04-01T23:51:32.035+0000] {dag.py:2907} INFO - Sync 1 DAGs
[2025-04-01T23:51:32.081+0000] {logging_mixin.py:151} INFO - [2025-04-01T23:51:32.081+0000] {dag.py:3677} INFO - Setting next_dagrun for entrenar_modelo to 2025-03-31T00:00:00+00:00, run_after=2025-04-01T00:00:00+00:00
[2025-04-01T23:51:32.112+0000] {processor.py:179} INFO - Processing /opt/airflow/dags/entrenar_modelo.py took 3.770 seconds
[2025-04-01T23:52:02.299+0000] {processor.py:157} INFO - Started process (PID=505) to work on /opt/airflow/dags/entrenar_modelo.py
[2025-04-01T23:52:02.302+0000] {processor.py:829} INFO - Processing file /opt/airflow/dags/entrenar_modelo.py for tasks to queue
[2025-04-01T23:52:02.307+0000] {logging_mixin.py:151} INFO - [2025-04-01T23:52:02.306+0000] {dagbag.py:539} INFO - Filling up the DagBag from /opt/airflow/dags/entrenar_modelo.py
[2025-04-01T23:52:05.900+0000] {processor.py:839} INFO - DAG(s) dict_keys(['entrenar_modelo']) retrieved from /opt/airflow/dags/entrenar_modelo.py
[2025-04-01T23:52:05.938+0000] {logging_mixin.py:151} INFO - [2025-04-01T23:52:05.938+0000] {dag.py:2907} INFO - Sync 1 DAGs
[2025-04-01T23:52:05.969+0000] {logging_mixin.py:151} INFO - [2025-04-01T23:52:05.969+0000] {dag.py:3677} INFO - Setting next_dagrun for entrenar_modelo to 2025-03-31T00:00:00+00:00, run_after=2025-04-01T00:00:00+00:00
[2025-04-01T23:52:05.995+0000] {processor.py:179} INFO - Processing /opt/airflow/dags/entrenar_modelo.py took 3.705 seconds
[2025-04-01T23:52:36.507+0000] {processor.py:157} INFO - Started process (PID=511) to work on /opt/airflow/dags/entrenar_modelo.py
[2025-04-01T23:52:36.509+0000] {processor.py:829} INFO - Processing file /opt/airflow/dags/entrenar_modelo.py for tasks to queue
[2025-04-01T23:52:36.514+0000] {logging_mixin.py:151} INFO - [2025-04-01T23:52:36.513+0000] {dagbag.py:539} INFO - Filling up the DagBag from /opt/airflow/dags/entrenar_modelo.py
[2025-04-01T23:52:39.969+0000] {processor.py:839} INFO - DAG(s) dict_keys(['entrenar_modelo']) retrieved from /opt/airflow/dags/entrenar_modelo.py
[2025-04-01T23:52:40.005+0000] {logging_mixin.py:151} INFO - [2025-04-01T23:52:40.004+0000] {dag.py:2907} INFO - Sync 1 DAGs
[2025-04-01T23:52:40.037+0000] {logging_mixin.py:151} INFO - [2025-04-01T23:52:40.037+0000] {dag.py:3677} INFO - Setting next_dagrun for entrenar_modelo to 2025-03-31T00:00:00+00:00, run_after=2025-04-01T00:00:00+00:00
[2025-04-01T23:52:40.060+0000] {processor.py:179} INFO - Processing /opt/airflow/dags/entrenar_modelo.py took 3.562 seconds
[2025-04-01T23:53:10.947+0000] {processor.py:157} INFO - Started process (PID=517) to work on /opt/airflow/dags/entrenar_modelo.py
[2025-04-01T23:53:10.950+0000] {processor.py:829} INFO - Processing file /opt/airflow/dags/entrenar_modelo.py for tasks to queue
[2025-04-01T23:53:10.955+0000] {logging_mixin.py:151} INFO - [2025-04-01T23:53:10.955+0000] {dagbag.py:539} INFO - Filling up the DagBag from /opt/airflow/dags/entrenar_modelo.py
[2025-04-01T23:53:14.436+0000] {processor.py:839} INFO - DAG(s) dict_keys(['entrenar_modelo']) retrieved from /opt/airflow/dags/entrenar_modelo.py
[2025-04-01T23:53:14.485+0000] {logging_mixin.py:151} INFO - [2025-04-01T23:53:14.484+0000] {dag.py:2907} INFO - Sync 1 DAGs
[2025-04-01T23:53:14.517+0000] {logging_mixin.py:151} INFO - [2025-04-01T23:53:14.516+0000] {dag.py:3677} INFO - Setting next_dagrun for entrenar_modelo to 2025-03-31T00:00:00+00:00, run_after=2025-04-01T00:00:00+00:00
[2025-04-01T23:53:14.546+0000] {processor.py:179} INFO - Processing /opt/airflow/dags/entrenar_modelo.py took 3.607 seconds
[2025-04-01T23:53:45.402+0000] {processor.py:157} INFO - Started process (PID=523) to work on /opt/airflow/dags/entrenar_modelo.py
[2025-04-01T23:53:45.405+0000] {processor.py:829} INFO - Processing file /opt/airflow/dags/entrenar_modelo.py for tasks to queue
[2025-04-01T23:53:45.411+0000] {logging_mixin.py:151} INFO - [2025-04-01T23:53:45.410+0000] {dagbag.py:539} INFO - Filling up the DagBag from /opt/airflow/dags/entrenar_modelo.py
[2025-04-01T23:53:49.272+0000] {processor.py:839} INFO - DAG(s) dict_keys(['entrenar_modelo']) retrieved from /opt/airflow/dags/entrenar_modelo.py
[2025-04-01T23:53:49.318+0000] {logging_mixin.py:151} INFO - [2025-04-01T23:53:49.317+0000] {dag.py:2907} INFO - Sync 1 DAGs
[2025-04-01T23:53:49.362+0000] {logging_mixin.py:151} INFO - [2025-04-01T23:53:49.361+0000] {dag.py:3677} INFO - Setting next_dagrun for entrenar_modelo to 2025-03-31T00:00:00+00:00, run_after=2025-04-01T00:00:00+00:00
[2025-04-01T23:53:49.395+0000] {processor.py:179} INFO - Processing /opt/airflow/dags/entrenar_modelo.py took 4.002 seconds
[2025-04-01T23:54:19.664+0000] {processor.py:157} INFO - Started process (PID=529) to work on /opt/airflow/dags/entrenar_modelo.py
[2025-04-01T23:54:19.667+0000] {processor.py:829} INFO - Processing file /opt/airflow/dags/entrenar_modelo.py for tasks to queue
[2025-04-01T23:54:19.671+0000] {logging_mixin.py:151} INFO - [2025-04-01T23:54:19.671+0000] {dagbag.py:539} INFO - Filling up the DagBag from /opt/airflow/dags/entrenar_modelo.py
[2025-04-01T23:54:23.135+0000] {processor.py:839} INFO - DAG(s) dict_keys(['entrenar_modelo']) retrieved from /opt/airflow/dags/entrenar_modelo.py
[2025-04-01T23:54:23.182+0000] {logging_mixin.py:151} INFO - [2025-04-01T23:54:23.181+0000] {dag.py:2907} INFO - Sync 1 DAGs
[2025-04-01T23:54:23.214+0000] {logging_mixin.py:151} INFO - [2025-04-01T23:54:23.214+0000] {dag.py:3677} INFO - Setting next_dagrun for entrenar_modelo to 2025-03-31T00:00:00+00:00, run_after=2025-04-01T00:00:00+00:00
[2025-04-01T23:54:23.243+0000] {processor.py:179} INFO - Processing /opt/airflow/dags/entrenar_modelo.py took 3.588 seconds
[2025-04-01T23:54:54.054+0000] {processor.py:157} INFO - Started process (PID=535) to work on /opt/airflow/dags/entrenar_modelo.py
[2025-04-01T23:54:54.056+0000] {processor.py:829} INFO - Processing file /opt/airflow/dags/entrenar_modelo.py for tasks to queue
[2025-04-01T23:54:54.060+0000] {logging_mixin.py:151} INFO - [2025-04-01T23:54:54.060+0000] {dagbag.py:539} INFO - Filling up the DagBag from /opt/airflow/dags/entrenar_modelo.py
[2025-04-01T23:54:57.520+0000] {processor.py:839} INFO - DAG(s) dict_keys(['entrenar_modelo']) retrieved from /opt/airflow/dags/entrenar_modelo.py
[2025-04-01T23:54:57.564+0000] {logging_mixin.py:151} INFO - [2025-04-01T23:54:57.563+0000] {dag.py:2907} INFO - Sync 1 DAGs
[2025-04-01T23:54:57.600+0000] {logging_mixin.py:151} INFO - [2025-04-01T23:54:57.600+0000] {dag.py:3677} INFO - Setting next_dagrun for entrenar_modelo to 2025-03-31T00:00:00+00:00, run_after=2025-04-01T00:00:00+00:00
[2025-04-01T23:54:57.634+0000] {processor.py:179} INFO - Processing /opt/airflow/dags/entrenar_modelo.py took 3.588 seconds
[2025-04-01T23:55:28.438+0000] {processor.py:157} INFO - Started process (PID=541) to work on /opt/airflow/dags/entrenar_modelo.py
[2025-04-01T23:55:28.441+0000] {processor.py:829} INFO - Processing file /opt/airflow/dags/entrenar_modelo.py for tasks to queue
[2025-04-01T23:55:28.446+0000] {logging_mixin.py:151} INFO - [2025-04-01T23:55:28.446+0000] {dagbag.py:539} INFO - Filling up the DagBag from /opt/airflow/dags/entrenar_modelo.py
[2025-04-01T23:55:31.957+0000] {processor.py:839} INFO - DAG(s) dict_keys(['entrenar_modelo']) retrieved from /opt/airflow/dags/entrenar_modelo.py
[2025-04-01T23:55:31.992+0000] {logging_mixin.py:151} INFO - [2025-04-01T23:55:31.992+0000] {dag.py:2907} INFO - Sync 1 DAGs
[2025-04-01T23:55:32.023+0000] {logging_mixin.py:151} INFO - [2025-04-01T23:55:32.023+0000] {dag.py:3677} INFO - Setting next_dagrun for entrenar_modelo to 2025-03-31T00:00:00+00:00, run_after=2025-04-01T00:00:00+00:00
[2025-04-01T23:55:32.044+0000] {processor.py:179} INFO - Processing /opt/airflow/dags/entrenar_modelo.py took 3.615 seconds
[2025-04-01T23:56:02.858+0000] {processor.py:157} INFO - Started process (PID=547) to work on /opt/airflow/dags/entrenar_modelo.py
[2025-04-01T23:56:02.860+0000] {processor.py:829} INFO - Processing file /opt/airflow/dags/entrenar_modelo.py for tasks to queue
[2025-04-01T23:56:02.866+0000] {logging_mixin.py:151} INFO - [2025-04-01T23:56:02.865+0000] {dagbag.py:539} INFO - Filling up the DagBag from /opt/airflow/dags/entrenar_modelo.py
[2025-04-01T23:56:06.745+0000] {processor.py:839} INFO - DAG(s) dict_keys(['entrenar_modelo']) retrieved from /opt/airflow/dags/entrenar_modelo.py
[2025-04-01T23:56:06.801+0000] {logging_mixin.py:151} INFO - [2025-04-01T23:56:06.800+0000] {dag.py:2907} INFO - Sync 1 DAGs
[2025-04-01T23:56:06.836+0000] {logging_mixin.py:151} INFO - [2025-04-01T23:56:06.835+0000] {dag.py:3677} INFO - Setting next_dagrun for entrenar_modelo to 2025-03-31T00:00:00+00:00, run_after=2025-04-01T00:00:00+00:00
[2025-04-01T23:56:06.860+0000] {processor.py:179} INFO - Processing /opt/airflow/dags/entrenar_modelo.py took 4.011 seconds
[2025-04-01T23:56:37.571+0000] {processor.py:157} INFO - Started process (PID=554) to work on /opt/airflow/dags/entrenar_modelo.py
[2025-04-01T23:56:37.574+0000] {processor.py:829} INFO - Processing file /opt/airflow/dags/entrenar_modelo.py for tasks to queue
[2025-04-01T23:56:37.581+0000] {logging_mixin.py:151} INFO - [2025-04-01T23:56:37.580+0000] {dagbag.py:539} INFO - Filling up the DagBag from /opt/airflow/dags/entrenar_modelo.py
[2025-04-01T23:56:41.388+0000] {processor.py:839} INFO - DAG(s) dict_keys(['entrenar_modelo']) retrieved from /opt/airflow/dags/entrenar_modelo.py
[2025-04-01T23:56:41.433+0000] {logging_mixin.py:151} INFO - [2025-04-01T23:56:41.432+0000] {dag.py:2907} INFO - Sync 1 DAGs
[2025-04-01T23:56:41.477+0000] {logging_mixin.py:151} INFO - [2025-04-01T23:56:41.476+0000] {dag.py:3677} INFO - Setting next_dagrun for entrenar_modelo to 2025-03-31T00:00:00+00:00, run_after=2025-04-01T00:00:00+00:00
[2025-04-01T23:56:41.503+0000] {processor.py:179} INFO - Processing /opt/airflow/dags/entrenar_modelo.py took 3.942 seconds
[2025-04-01T23:57:11.870+0000] {processor.py:157} INFO - Started process (PID=560) to work on /opt/airflow/dags/entrenar_modelo.py
[2025-04-01T23:57:11.873+0000] {processor.py:829} INFO - Processing file /opt/airflow/dags/entrenar_modelo.py for tasks to queue
[2025-04-01T23:57:11.878+0000] {logging_mixin.py:151} INFO - [2025-04-01T23:57:11.877+0000] {dagbag.py:539} INFO - Filling up the DagBag from /opt/airflow/dags/entrenar_modelo.py
[2025-04-01T23:57:15.685+0000] {processor.py:839} INFO - DAG(s) dict_keys(['entrenar_modelo']) retrieved from /opt/airflow/dags/entrenar_modelo.py
[2025-04-01T23:57:15.735+0000] {logging_mixin.py:151} INFO - [2025-04-01T23:57:15.734+0000] {dag.py:2907} INFO - Sync 1 DAGs
[2025-04-01T23:57:15.769+0000] {logging_mixin.py:151} INFO - [2025-04-01T23:57:15.768+0000] {dag.py:3677} INFO - Setting next_dagrun for entrenar_modelo to 2025-03-31T00:00:00+00:00, run_after=2025-04-01T00:00:00+00:00
[2025-04-01T23:57:15.796+0000] {processor.py:179} INFO - Processing /opt/airflow/dags/entrenar_modelo.py took 3.935 seconds
[2025-04-01T23:57:46.319+0000] {processor.py:157} INFO - Started process (PID=566) to work on /opt/airflow/dags/entrenar_modelo.py
[2025-04-01T23:57:46.322+0000] {processor.py:829} INFO - Processing file /opt/airflow/dags/entrenar_modelo.py for tasks to queue
[2025-04-01T23:57:46.327+0000] {logging_mixin.py:151} INFO - [2025-04-01T23:57:46.326+0000] {dagbag.py:539} INFO - Filling up the DagBag from /opt/airflow/dags/entrenar_modelo.py
[2025-04-01T23:57:50.249+0000] {processor.py:839} INFO - DAG(s) dict_keys(['entrenar_modelo']) retrieved from /opt/airflow/dags/entrenar_modelo.py
[2025-04-01T23:57:50.296+0000] {logging_mixin.py:151} INFO - [2025-04-01T23:57:50.294+0000] {dag.py:2907} INFO - Sync 1 DAGs
[2025-04-01T23:57:50.335+0000] {logging_mixin.py:151} INFO - [2025-04-01T23:57:50.335+0000] {dag.py:3677} INFO - Setting next_dagrun for entrenar_modelo to 2025-03-31T00:00:00+00:00, run_after=2025-04-01T00:00:00+00:00
[2025-04-01T23:57:50.362+0000] {processor.py:179} INFO - Processing /opt/airflow/dags/entrenar_modelo.py took 4.051 seconds
[2025-04-01T23:58:20.628+0000] {processor.py:157} INFO - Started process (PID=572) to work on /opt/airflow/dags/entrenar_modelo.py
[2025-04-01T23:58:20.630+0000] {processor.py:829} INFO - Processing file /opt/airflow/dags/entrenar_modelo.py for tasks to queue
[2025-04-01T23:58:20.635+0000] {logging_mixin.py:151} INFO - [2025-04-01T23:58:20.634+0000] {dagbag.py:539} INFO - Filling up the DagBag from /opt/airflow/dags/entrenar_modelo.py
[2025-04-01T23:58:24.181+0000] {processor.py:839} INFO - DAG(s) dict_keys(['entrenar_modelo']) retrieved from /opt/airflow/dags/entrenar_modelo.py
[2025-04-01T23:58:24.222+0000] {logging_mixin.py:151} INFO - [2025-04-01T23:58:24.221+0000] {dag.py:2907} INFO - Sync 1 DAGs
[2025-04-01T23:58:24.260+0000] {logging_mixin.py:151} INFO - [2025-04-01T23:58:24.260+0000] {dag.py:3677} INFO - Setting next_dagrun for entrenar_modelo to 2025-03-31T00:00:00+00:00, run_after=2025-04-01T00:00:00+00:00
[2025-04-01T23:58:24.284+0000] {processor.py:179} INFO - Processing /opt/airflow/dags/entrenar_modelo.py took 3.664 seconds
[2025-04-01T23:58:54.968+0000] {processor.py:157} INFO - Started process (PID=578) to work on /opt/airflow/dags/entrenar_modelo.py
[2025-04-01T23:58:54.971+0000] {processor.py:829} INFO - Processing file /opt/airflow/dags/entrenar_modelo.py for tasks to queue
[2025-04-01T23:58:54.976+0000] {logging_mixin.py:151} INFO - [2025-04-01T23:58:54.976+0000] {dagbag.py:539} INFO - Filling up the DagBag from /opt/airflow/dags/entrenar_modelo.py
[2025-04-01T23:58:58.526+0000] {processor.py:839} INFO - DAG(s) dict_keys(['entrenar_modelo']) retrieved from /opt/airflow/dags/entrenar_modelo.py
[2025-04-01T23:58:58.564+0000] {logging_mixin.py:151} INFO - [2025-04-01T23:58:58.563+0000] {dag.py:2907} INFO - Sync 1 DAGs
[2025-04-01T23:58:58.598+0000] {logging_mixin.py:151} INFO - [2025-04-01T23:58:58.598+0000] {dag.py:3677} INFO - Setting next_dagrun for entrenar_modelo to 2025-03-31T00:00:00+00:00, run_after=2025-04-01T00:00:00+00:00
[2025-04-01T23:58:58.624+0000] {processor.py:179} INFO - Processing /opt/airflow/dags/entrenar_modelo.py took 3.664 seconds
[2025-04-01T23:59:29.406+0000] {processor.py:157} INFO - Started process (PID=584) to work on /opt/airflow/dags/entrenar_modelo.py
[2025-04-01T23:59:29.408+0000] {processor.py:829} INFO - Processing file /opt/airflow/dags/entrenar_modelo.py for tasks to queue
[2025-04-01T23:59:29.413+0000] {logging_mixin.py:151} INFO - [2025-04-01T23:59:29.412+0000] {dagbag.py:539} INFO - Filling up the DagBag from /opt/airflow/dags/entrenar_modelo.py
[2025-04-01T23:59:32.875+0000] {processor.py:839} INFO - DAG(s) dict_keys(['entrenar_modelo']) retrieved from /opt/airflow/dags/entrenar_modelo.py
[2025-04-01T23:59:32.913+0000] {logging_mixin.py:151} INFO - [2025-04-01T23:59:32.913+0000] {dag.py:2907} INFO - Sync 1 DAGs
[2025-04-01T23:59:32.947+0000] {logging_mixin.py:151} INFO - [2025-04-01T23:59:32.946+0000] {dag.py:3677} INFO - Setting next_dagrun for entrenar_modelo to 2025-03-31T00:00:00+00:00, run_after=2025-04-01T00:00:00+00:00
[2025-04-01T23:59:32.975+0000] {processor.py:179} INFO - Processing /opt/airflow/dags/entrenar_modelo.py took 3.578 seconds
